4039
88234
1 0.0302929
2 0.00555373
3 0.00101962
4 0.000187084
5 3.43452e-05
6 0.000107662
7 1.97645e-05
8 3.62736e-06
9 6.65981e-07
10 1.2228e-07
11 3.84784e-07
12 7.06495e-08
13 1.29745e-08
14 2.38456e-09
15 4.38535e-10
16 1.37888e-09
17 2.53622e-10
18 4.66278e-11
19 8.52605e-12
20 1.51693e-12
21 4.89459e-12
22 9.07699e-13
23 1.35266e-13
24 7.06727e-14
25 3.72824e-14
26 9.10567e-14
27 6.99082e-14
28 2.20672e-14
29 3.06845e-15
30 7.01316e-16
31 1.06421e-13
32 8.32718e-14
33 2.54647e-14
34 3.90112e-15
35 8.54975e-16
36 6.70025e-14
37 7.8695e-14
38 2.47243e-14
39 3.52561e-15
40 9.50141e-16
41 5.05543e-14
42 2.0183e-14
43 2.79312e-15
44 6.85487e-16
45 3.61039e-17
