24 0.000525919
118 0.000486134
22 0.000483664
321 0.000477781
55 0.000458983
276 0.000447695
311 0.000447412
18 0.000435226
238 0.000425978
66 0.000424341
270 0.000415921
20 0.000412848
229 0.000409137
121 0.000402808
251 0.000398578
25 0.000396042
314 0.00039029
279 0.00038993
202 0.000387646
284 0.000387607
142 0.000383487
8 0.000383445
174 0.000380733
52 0.000376434
303 0.000375683
191 0.000375422
40 0.000375341
169 0.000374873
114 0.000374613
199 0.000373305
328 0.000372366
39 0.000371453
48 0.00036821
338 0.000364776
187 0.000361536
271 0.000357242
110 0.000356571
331 0.000355933
198 0.000355657
212 0.00035507
178 0.000353771
323 0.000351532
87 0.000350648
226 0.000349625
168 0.000349081
172 0.000348467
136 0.000345536
290 0.000342691
185 0.000342316
260 0.000342096
312 0.000341381
171 0.000341197
322 0.000340745
81 0.000338386
117 0.000337677
7 0.000337309
90 0.000337309
258 0.000337309
97 0.000336496
218 0.000336284
345 0.000335946
235 0.000335912
213 0.000335462
4 0.000334021
141 0.000332578
98 0.000332379
342 0.000331613
319 0.000330118
132 0.000328702
79 0.000328188
165 0.000328148
325 0.000327782
259 0.000327771
135 0.000327504
242 0.000326961
108 0.000326852
6 0.000325895
88 0.000325387
318 0.000325387
309 0.000325057
30 0.000324963
112 0.000324594
170 0.0003241
324 0.000323525
248 0.000322077
176 0.000319622
115 0.000318865
341 0.000317394
19 0.000316785
47 0.000315732
241 0.000315234
3 0.000315098
180 0.000315098
274 0.000315098
333 0.000313918
183 0.000313327
93 0.000312547
157 0.000312419
298 0.000312411
103 0.000312244
129 0.000311715
277 0.000311661
203 0.00031075
2 0.000309854
91 0.000309852
80 0.00030948
143 0.000309047
210 0.000308885
230 0.000308629
28 0.000307109
149 0.000306799
179 0.000306624
13 0.000306555
148 0.000306503
126 0.000306292
196 0.000306276
283 0.000305956
100 0.000305887
224 0.000305836
280 0.000305024
268 0.00030467
184 0.000303951
223 0.0003038
307 0.000303684
94 0.000303297
32 0.000303232
41 0.000303232
232 0.000303232
243 0.000303232
255 0.000303232
281 0.000303232
264 0.000302962
301 0.000302851
99 0.000302529
140 0.000302412
61 0.000302311
173 0.000302095
225 0.000301982
193 0.000301663
77 0.000301249
194 0.000301249
217 0.000301249
272 0.000301249
305 0.000301249
327 0.000301249
300 0.000299914
336 0.000299725
181 0.000299131
12 0.000299112
27 0.000299009
0 0.000298967
147 0.00029872
5 0.000298711
146 0.000298711
250 0.000298456
265 0.000298345
192 0.000297851
67 0.000297102
16 0.000296404
302 0.000294786
127 0.000294664
253 0.000294608
237 0.000293792
71 0.00029331
186 0.000292854
177 0.000292782
231 0.00029241
160 0.000291782
57 0.000291158
330 0.000290555
247 0.000290488
131 0.00029022
23 0.000290219
329 0.000289931
83 0.000289756
256 0.000289663
92 0.000289602
156 0.000288952
216 0.000288944
166 0.00028884
35 0.000287829
58 0.000287713
107 0.000287638
222 0.000287591
120 0.000287328
158 0.000287254
262 0.000285915
295 0.000285915
109 0.000285788
263 0.000285788
76 0.000285332
155 0.000285262
63 0.000284891
188 0.000284891
56 0.000284867
221 0.00028473
139 0.000283942
296 0.000283696
1 0.000283291
96 0.000282728
252 0.000282728
167 0.00028269
134 0.000282514
308 0.000282514
211 0.000282439
38 0.000282212
306 0.000281702
257 0.000281621
95 0.000281458
245 0.000281017
201 0.000280969
29 0.000280527
130 0.000280207
21 0.000280029
273 0.000279786
123 0.000279193
86 0.000279097
84 0.000278753
332 0.000278717
31 0.000278006
89 0.000277963
144 0.000277963
72 0.000277574
244 0.000277544
154 0.000277527
195 0.000276993
101 0.00027694
133 0.000276459
313 0.00027642
50 0.000276388
82 0.000276388
236 0.000276388
344 0.000276066
282 0.000275961
275 0.00027579
161 0.000274899
138 0.000274898
122 0.000274892
162 0.000274618
119 0.000273699
285 0.000273534
145 0.000273493
326 0.000273311
104 0.000273014
37 0.000272586
46 0.000272577
85 0.000272454
269 0.000271742
70 0.000271594
200 0.000271498
102 0.00027145
106 0.000271257
53 0.000270763
44 0.000270751
346 0.000270415
125 0.0002699
49 0.000269657
74 0.000269587
228 0.000269228
175 0.00026911
150 0.000268625
111 0.000268529
292 0.000268529
128 0.000268402
54 0.0002683
64 0.000267794
219 0.000267762
261 0.000267762
45 0.000267636
116 0.000267442
240 0.000267133
254 0.000267133
189 0.000266437
151 0.000266398
343 0.000266378
294 0.000266377
164 0.000266354
246 0.000265951
289 0.000265707
65 0.000265443
68 0.00026453
197 0.000264463
60 0.000263524
43 0.000263342
105 0.000263302
317 0.000262981
316 0.000262773
340 0.000262582
15 0.000262561
75 0.000262249
205 0.000262055
299 0.000261876
297 0.000261736
310 0.000261452
267 0.000261357
51 0.000261357
204 0.000261357
227 0.000260257
78 0.000258738
339 0.000257827
220 0.000257819
337 0.000257398
26 0.000257296
288 0.000257189
9 0.000257052
33 0.000256525
153 0.000256037
234 0.000255929
293 0.000255398
59 0.000254736
239 0.000254326
320 0.000254318
69 0.000252814
207 0.000252456
159 0.000251951
215 0.000251928
62 0.000250603
249 0.00025004
34 0.000249558
190 0.000249252
124 0.000249186
266 0.000248632
137 0.000248389
315 0.000248153
278 0.000248072
163 0.000247962
335 0.000247824
287 0.000247098
182 0.000246453
304 0.000246165
206 0.000245124
152 0.000244443
233 0.000244055
10 0.000242586
11 0.000242586
14 0.000242586
17 0.000242586
36 0.000242586
42 0.000242586
73 0.000242586
113 0.000242586
208 0.000242586
209 0.000242586
214 0.000242586
286 0.000242586
291 0.000242586
334 0.000242586
347 0.000242586
348 0.000242586
349 0.000242586
350 0.000242586
351 0.000242586
352 0.000242586
353 0.000242586
354 0.000242586
355 0.000242586
356 0.000242586
357 0.000242586
358 0.000242586
359 0.000242586
360 0.000242586
361 0.000242586
362 0.000242586
363 0.000242586
364 0.000242586
365 0.000242586
366 0.000242586
367 0.000242586
368 0.000242586
369 0.000242586
370 0.000242586
371 0.000242586
372 0.000242586
373 0.000242586
374 0.000242586
375 0.000242586
376 0.000242586
377 0.000242586
378 0.000242586
379 0.000242586
380 0.000242586
381 0.000242586
382 0.000242586
383 0.000242586
384 0.000242586
385 0.000242586
386 0.000242586
387 0.000242586
388 0.000242586
389 0.000242586
390 0.000242586
391 0.000242586
392 0.000242586
393 0.000242586
394 0.000242586
395 0.000242586
396 0.000242586
397 0.000242586
398 0.000242586
399 0.000242586
400 0.000242586
401 0.000242586
402 0.000242586
403 0.000242586
404 0.000242586
405 0.000242586
406 0.000242586
407 0.000242586
408 0.000242586
409 0.000242586
410 0.000242586
411 0.000242586
412 0.000242586
413 0.000242586
414 0.000242586
415 0.000242586
416 0.000242586
417 0.000242586
418 0.000242586
419 0.000242586
420 0.000242586
421 0.000242586
422 0.000242586
423 0.000242586
424 0.000242586
425 0.000242586
426 0.000242586
427 0.000242586
428 0.000242586
429 0.000242586
430 0.000242586
431 0.000242586
432 0.000242586
433 0.000242586
434 0.000242586
435 0.000242586
436 0.000242586
437 0.000242586
438 0.000242586
439 0.000242586
440 0.000242586
441 0.000242586
442 0.000242586
443 0.000242586
444 0.000242586
445 0.000242586
446 0.000242586
447 0.000242586
448 0.000242586
449 0.000242586
450 0.000242586
451 0.000242586
452 0.000242586
453 0.000242586
454 0.000242586
455 0.000242586
456 0.000242586
457 0.000242586
458 0.000242586
459 0.000242586
460 0.000242586
461 0.000242586
462 0.000242586
463 0.000242586
464 0.000242586
465 0.000242586
466 0.000242586
467 0.000242586
468 0.000242586
469 0.000242586
470 0.000242586
471 0.000242586
472 0.000242586
473 0.000242586
474 0.000242586
475 0.000242586
476 0.000242586
477 0.000242586
478 0.000242586
479 0.000242586
480 0.000242586
481 0.000242586
482 0.000242586
483 0.000242586
484 0.000242586
485 0.000242586
486 0.000242586
487 0.000242586
488 0.000242586
489 0.000242586
490 0.000242586
491 0.000242586
492 0.000242586
493 0.000242586
494 0.000242586
495 0.000242586
496 0.000242586
497 0.000242586
498 0.000242586
499 0.000242586
500 0.000242586
501 0.000242586
502 0.000242586
503 0.000242586
504 0.000242586
505 0.000242586
506 0.000242586
507 0.000242586
508 0.000242586
509 0.000242586
510 0.000242586
511 0.000242586
512 0.000242586
513 0.000242586
514 0.000242586
515 0.000242586
516 0.000242586
517 0.000242586
518 0.000242586
519 0.000242586
520 0.000242586
521 0.000242586
522 0.000242586
523 0.000242586
524 0.000242586
525 0.000242586
526 0.000242586
527 0.000242586
528 0.000242586
529 0.000242586
530 0.000242586
531 0.000242586
532 0.000242586
533 0.000242586
534 0.000242586
535 0.000242586
536 0.000242586
537 0.000242586
538 0.000242586
539 0.000242586
540 0.000242586
541 0.000242586
542 0.000242586
543 0.000242586
544 0.000242586
545 0.000242586
546 0.000242586
547 0.000242586
548 0.000242586
549 0.000242586
550 0.000242586
551 0.000242586
552 0.000242586
553 0.000242586
554 0.000242586
555 0.000242586
556 0.000242586
557 0.000242586
558 0.000242586
559 0.000242586
560 0.000242586
561 0.000242586
562 0.000242586
563 0.000242586
564 0.000242586
565 0.000242586
566 0.000242586
567 0.000242586
568 0.000242586
569 0.000242586
570 0.000242586
571 0.000242586
572 0.000242586
573 0.000242586
574 0.000242586
575 0.000242586
576 0.000242586
577 0.000242586
578 0.000242586
579 0.000242586
580 0.000242586
581 0.000242586
582 0.000242586
583 0.000242586
584 0.000242586
585 0.000242586
586 0.000242586
587 0.000242586
588 0.000242586
589 0.000242586
590 0.000242586
591 0.000242586
592 0.000242586
593 0.000242586
594 0.000242586
595 0.000242586
596 0.000242586
597 0.000242586
598 0.000242586
599 0.000242586
600 0.000242586
601 0.000242586
602 0.000242586
603 0.000242586
604 0.000242586
605 0.000242586
606 0.000242586
607 0.000242586
608 0.000242586
609 0.000242586
610 0.000242586
611 0.000242586
612 0.000242586
613 0.000242586
614 0.000242586
615 0.000242586
616 0.000242586
617 0.000242586
618 0.000242586
619 0.000242586
620 0.000242586
621 0.000242586
622 0.000242586
623 0.000242586
624 0.000242586
625 0.000242586
626 0.000242586
627 0.000242586
628 0.000242586
629 0.000242586
630 0.000242586
631 0.000242586
632 0.000242586
633 0.000242586
634 0.000242586
635 0.000242586
636 0.000242586
637 0.000242586
638 0.000242586
639 0.000242586
640 0.000242586
641 0.000242586
642 0.000242586
643 0.000242586
644 0.000242586
645 0.000242586
646 0.000242586
647 0.000242586
648 0.000242586
649 0.000242586
650 0.000242586
651 0.000242586
652 0.000242586
653 0.000242586
654 0.000242586
655 0.000242586
656 0.000242586
657 0.000242586
658 0.000242586
659 0.000242586
660 0.000242586
661 0.000242586
662 0.000242586
663 0.000242586
664 0.000242586
665 0.000242586
666 0.000242586
667 0.000242586
668 0.000242586
669 0.000242586
670 0.000242586
671 0.000242586
672 0.000242586
673 0.000242586
674 0.000242586
675 0.000242586
676 0.000242586
677 0.000242586
678 0.000242586
679 0.000242586
680 0.000242586
681 0.000242586
682 0.000242586
683 0.000242586
684 0.000242586
685 0.000242586
686 0.000242586
687 0.000242586
688 0.000242586
689 0.000242586
690 0.000242586
691 0.000242586
692 0.000242586
693 0.000242586
694 0.000242586
695 0.000242586
696 0.000242586
697 0.000242586
698 0.000242586
699 0.000242586
700 0.000242586
701 0.000242586
702 0.000242586
703 0.000242586
704 0.000242586
705 0.000242586
706 0.000242586
707 0.000242586
708 0.000242586
709 0.000242586
710 0.000242586
711 0.000242586
712 0.000242586
713 0.000242586
714 0.000242586
715 0.000242586
716 0.000242586
717 0.000242586
718 0.000242586
719 0.000242586
720 0.000242586
721 0.000242586
722 0.000242586
723 0.000242586
724 0.000242586
725 0.000242586
726 0.000242586
727 0.000242586
728 0.000242586
729 0.000242586
730 0.000242586
731 0.000242586
732 0.000242586
733 0.000242586
734 0.000242586
735 0.000242586
736 0.000242586
737 0.000242586
738 0.000242586
739 0.000242586
740 0.000242586
741 0.000242586
742 0.000242586
743 0.000242586
744 0.000242586
745 0.000242586
746 0.000242586
747 0.000242586
748 0.000242586
749 0.000242586
750 0.000242586
751 0.000242586
752 0.000242586
753 0.000242586
754 0.000242586
755 0.000242586
756 0.000242586
757 0.000242586
758 0.000242586
759 0.000242586
760 0.000242586
761 0.000242586
762 0.000242586
763 0.000242586
764 0.000242586
765 0.000242586
766 0.000242586
767 0.000242586
768 0.000242586
769 0.000242586
770 0.000242586
771 0.000242586
772 0.000242586
773 0.000242586
774 0.000242586
775 0.000242586
776 0.000242586
777 0.000242586
778 0.000242586
779 0.000242586
780 0.000242586
781 0.000242586
782 0.000242586
783 0.000242586
784 0.000242586
785 0.000242586
786 0.000242586
787 0.000242586
788 0.000242586
789 0.000242586
790 0.000242586
791 0.000242586
792 0.000242586
793 0.000242586
794 0.000242586
795 0.000242586
796 0.000242586
797 0.000242586
798 0.000242586
799 0.000242586
800 0.000242586
801 0.000242586
802 0.000242586
803 0.000242586
804 0.000242586
805 0.000242586
806 0.000242586
807 0.000242586
808 0.000242586
809 0.000242586
810 0.000242586
811 0.000242586
812 0.000242586
813 0.000242586
814 0.000242586
815 0.000242586
816 0.000242586
817 0.000242586
818 0.000242586
819 0.000242586
820 0.000242586
821 0.000242586
822 0.000242586
823 0.000242586
824 0.000242586
825 0.000242586
826 0.000242586
827 0.000242586
828 0.000242586
829 0.000242586
830 0.000242586
831 0.000242586
832 0.000242586
833 0.000242586
834 0.000242586
835 0.000242586
836 0.000242586
837 0.000242586
838 0.000242586
839 0.000242586
840 0.000242586
841 0.000242586
842 0.000242586
843 0.000242586
844 0.000242586
845 0.000242586
846 0.000242586
847 0.000242586
848 0.000242586
849 0.000242586
850 0.000242586
851 0.000242586
852 0.000242586
853 0.000242586
854 0.000242586
855 0.000242586
856 0.000242586
857 0.000242586
858 0.000242586
859 0.000242586
860 0.000242586
861 0.000242586
862 0.000242586
863 0.000242586
864 0.000242586
865 0.000242586
866 0.000242586
867 0.000242586
868 0.000242586
869 0.000242586
870 0.000242586
871 0.000242586
872 0.000242586
873 0.000242586
874 0.000242586
875 0.000242586
876 0.000242586
877 0.000242586
878 0.000242586
879 0.000242586
880 0.000242586
881 0.000242586
882 0.000242586
883 0.000242586
884 0.000242586
885 0.000242586
886 0.000242586
887 0.000242586
888 0.000242586
889 0.000242586
890 0.000242586
891 0.000242586
892 0.000242586
893 0.000242586
894 0.000242586
895 0.000242586
896 0.000242586
897 0.000242586
898 0.000242586
899 0.000242586
900 0.000242586
901 0.000242586
902 0.000242586
903 0.000242586
904 0.000242586
905 0.000242586
906 0.000242586
907 0.000242586
908 0.000242586
909 0.000242586
910 0.000242586
911 0.000242586
912 0.000242586
913 0.000242586
914 0.000242586
915 0.000242586
916 0.000242586
917 0.000242586
918 0.000242586
919 0.000242586
920 0.000242586
921 0.000242586
922 0.000242586
923 0.000242586
924 0.000242586
925 0.000242586
926 0.000242586
927 0.000242586
928 0.000242586
929 0.000242586
930 0.000242586
931 0.000242586
932 0.000242586
933 0.000242586
934 0.000242586
935 0.000242586
936 0.000242586
937 0.000242586
938 0.000242586
939 0.000242586
940 0.000242586
941 0.000242586
942 0.000242586
943 0.000242586
944 0.000242586
945 0.000242586
946 0.000242586
947 0.000242586
948 0.000242586
949 0.000242586
950 0.000242586
951 0.000242586
952 0.000242586
953 0.000242586
954 0.000242586
955 0.000242586
956 0.000242586
957 0.000242586
958 0.000242586
959 0.000242586
960 0.000242586
961 0.000242586
962 0.000242586
963 0.000242586
964 0.000242586
965 0.000242586
966 0.000242586
967 0.000242586
968 0.000242586
969 0.000242586
970 0.000242586
971 0.000242586
972 0.000242586
973 0.000242586
974 0.000242586
975 0.000242586
976 0.000242586
977 0.000242586
978 0.000242586
979 0.000242586
980 0.000242586
981 0.000242586
982 0.000242586
983 0.000242586
984 0.000242586
985 0.000242586
986 0.000242586
987 0.000242586
988 0.000242586
989 0.000242586
990 0.000242586
991 0.000242586
992 0.000242586
993 0.000242586
994 0.000242586
995 0.000242586
996 0.000242586
997 0.000242586
998 0.000242586
999 0.000242586
1000 0.000242586
1001 0.000242586
1002 0.000242586
1003 0.000242586
1004 0.000242586
1005 0.000242586
1006 0.000242586
1007 0.000242586
1008 0.000242586
1009 0.000242586
1010 0.000242586
1011 0.000242586
1012 0.000242586
1013 0.000242586
1014 0.000242586
1015 0.000242586
1016 0.000242586
1017 0.000242586
1018 0.000242586
1019 0.000242586
1020 0.000242586
1021 0.000242586
1022 0.000242586
1023 0.000242586
1024 0.000242586
1025 0.000242586
1026 0.000242586
1027 0.000242586
1028 0.000242586
1029 0.000242586
1030 0.000242586
1031 0.000242586
1032 0.000242586
1033 0.000242586
1034 0.000242586
1035 0.000242586
1036 0.000242586
1037 0.000242586
1038 0.000242586
1039 0.000242586
1040 0.000242586
1041 0.000242586
1042 0.000242586
1043 0.000242586
1044 0.000242586
1045 0.000242586
1046 0.000242586
1047 0.000242586
1048 0.000242586
1049 0.000242586
1050 0.000242586
1051 0.000242586
1052 0.000242586
1053 0.000242586
1054 0.000242586
1055 0.000242586
1056 0.000242586
1057 0.000242586
1058 0.000242586
1059 0.000242586
1060 0.000242586
1061 0.000242586
1062 0.000242586
1063 0.000242586
1064 0.000242586
1065 0.000242586
1066 0.000242586
1067 0.000242586
1068 0.000242586
1069 0.000242586
1070 0.000242586
1071 0.000242586
1072 0.000242586
1073 0.000242586
1074 0.000242586
1075 0.000242586
1076 0.000242586
1077 0.000242586
1078 0.000242586
1079 0.000242586
1080 0.000242586
1081 0.000242586
1082 0.000242586
1083 0.000242586
1084 0.000242586
1085 0.000242586
1086 0.000242586
1087 0.000242586
1088 0.000242586
1089 0.000242586
1090 0.000242586
1091 0.000242586
1092 0.000242586
1093 0.000242586
1094 0.000242586
1095 0.000242586
1096 0.000242586
1097 0.000242586
1098 0.000242586
1099 0.000242586
1100 0.000242586
1101 0.000242586
1102 0.000242586
1103 0.000242586
1104 0.000242586
1105 0.000242586
1106 0.000242586
1107 0.000242586
1108 0.000242586
1109 0.000242586
1110 0.000242586
1111 0.000242586
1112 0.000242586
1113 0.000242586
1114 0.000242586
1115 0.000242586
1116 0.000242586
1117 0.000242586
1118 0.000242586
1119 0.000242586
1120 0.000242586
1121 0.000242586
1122 0.000242586
1123 0.000242586
1124 0.000242586
1125 0.000242586
1126 0.000242586
1127 0.000242586
1128 0.000242586
1129 0.000242586
1130 0.000242586
1131 0.000242586
1132 0.000242586
1133 0.000242586
1134 0.000242586
1135 0.000242586
1136 0.000242586
1137 0.000242586
1138 0.000242586
1139 0.000242586
1140 0.000242586
1141 0.000242586
1142 0.000242586
1143 0.000242586
1144 0.000242586
1145 0.000242586
1146 0.000242586
1147 0.000242586
1148 0.000242586
1149 0.000242586
1150 0.000242586
1151 0.000242586
1152 0.000242586
1153 0.000242586
1154 0.000242586
1155 0.000242586
1156 0.000242586
1157 0.000242586
1158 0.000242586
1159 0.000242586
1160 0.000242586
1161 0.000242586
1162 0.000242586
1163 0.000242586
1164 0.000242586
1165 0.000242586
1166 0.000242586
1167 0.000242586
1168 0.000242586
1169 0.000242586
1170 0.000242586
1171 0.000242586
1172 0.000242586
1173 0.000242586
1174 0.000242586
1175 0.000242586
1176 0.000242586
1177 0.000242586
1178 0.000242586
1179 0.000242586
1180 0.000242586
1181 0.000242586
1182 0.000242586
1183 0.000242586
1184 0.000242586
1185 0.000242586
1186 0.000242586
1187 0.000242586
1188 0.000242586
1189 0.000242586
1190 0.000242586
1191 0.000242586
1192 0.000242586
1193 0.000242586
1194 0.000242586
1195 0.000242586
1196 0.000242586
1197 0.000242586
1198 0.000242586
1199 0.000242586
1200 0.000242586
1201 0.000242586
1202 0.000242586
1203 0.000242586
1204 0.000242586
1205 0.000242586
1206 0.000242586
1207 0.000242586
1208 0.000242586
1209 0.000242586
1210 0.000242586
1211 0.000242586
1212 0.000242586
1213 0.000242586
1214 0.000242586
1215 0.000242586
1216 0.000242586
1217 0.000242586
1218 0.000242586
1219 0.000242586
1220 0.000242586
1221 0.000242586
1222 0.000242586
1223 0.000242586
1224 0.000242586
1225 0.000242586
1226 0.000242586
1227 0.000242586
1228 0.000242586
1229 0.000242586
1230 0.000242586
1231 0.000242586
1232 0.000242586
1233 0.000242586
1234 0.000242586
1235 0.000242586
1236 0.000242586
1237 0.000242586
1238 0.000242586
1239 0.000242586
1240 0.000242586
1241 0.000242586
1242 0.000242586
1243 0.000242586
1244 0.000242586
1245 0.000242586
1246 0.000242586
1247 0.000242586
1248 0.000242586
1249 0.000242586
1250 0.000242586
1251 0.000242586
1252 0.000242586
1253 0.000242586
1254 0.000242586
1255 0.000242586
1256 0.000242586
1257 0.000242586
1258 0.000242586
1259 0.000242586
1260 0.000242586
1261 0.000242586
1262 0.000242586
1263 0.000242586
1264 0.000242586
1265 0.000242586
1266 0.000242586
1267 0.000242586
1268 0.000242586
1269 0.000242586
1270 0.000242586
1271 0.000242586
1272 0.000242586
1273 0.000242586
1274 0.000242586
1275 0.000242586
1276 0.000242586
1277 0.000242586
1278 0.000242586
1279 0.000242586
1280 0.000242586
1281 0.000242586
1282 0.000242586
1283 0.000242586
1284 0.000242586
1285 0.000242586
1286 0.000242586
1287 0.000242586
1288 0.000242586
1289 0.000242586
1290 0.000242586
1291 0.000242586
1292 0.000242586
1293 0.000242586
1294 0.000242586
1295 0.000242586
1296 0.000242586
1297 0.000242586
1298 0.000242586
1299 0.000242586
1300 0.000242586
1301 0.000242586
1302 0.000242586
1303 0.000242586
1304 0.000242586
1305 0.000242586
1306 0.000242586
1307 0.000242586
1308 0.000242586
1309 0.000242586
1310 0.000242586
1311 0.000242586
1312 0.000242586
1313 0.000242586
1314 0.000242586
1315 0.000242586
1316 0.000242586
1317 0.000242586
1318 0.000242586
1319 0.000242586
1320 0.000242586
1321 0.000242586
1322 0.000242586
1323 0.000242586
1324 0.000242586
1325 0.000242586
1326 0.000242586
1327 0.000242586
1328 0.000242586
1329 0.000242586
1330 0.000242586
1331 0.000242586
1332 0.000242586
1333 0.000242586
1334 0.000242586
1335 0.000242586
1336 0.000242586
1337 0.000242586
1338 0.000242586
1339 0.000242586
1340 0.000242586
1341 0.000242586
1342 0.000242586
1343 0.000242586
1344 0.000242586
1345 0.000242586
1346 0.000242586
1347 0.000242586
1348 0.000242586
1349 0.000242586
1350 0.000242586
1351 0.000242586
1352 0.000242586
1353 0.000242586
1354 0.000242586
1355 0.000242586
1356 0.000242586
1357 0.000242586
1358 0.000242586
1359 0.000242586
1360 0.000242586
1361 0.000242586
1362 0.000242586
1363 0.000242586
1364 0.000242586
1365 0.000242586
1366 0.000242586
1367 0.000242586
1368 0.000242586
1369 0.000242586
1370 0.000242586
1371 0.000242586
1372 0.000242586
1373 0.000242586
1374 0.000242586
1375 0.000242586
1376 0.000242586
1377 0.000242586
1378 0.000242586
1379 0.000242586
1380 0.000242586
1381 0.000242586
1382 0.000242586
1383 0.000242586
1384 0.000242586
1385 0.000242586
1386 0.000242586
1387 0.000242586
1388 0.000242586
1389 0.000242586
1390 0.000242586
1391 0.000242586
1392 0.000242586
1393 0.000242586
1394 0.000242586
1395 0.000242586
1396 0.000242586
1397 0.000242586
1398 0.000242586
1399 0.000242586
1400 0.000242586
1401 0.000242586
1402 0.000242586
1403 0.000242586
1404 0.000242586
1405 0.000242586
1406 0.000242586
1407 0.000242586
1408 0.000242586
1409 0.000242586
1410 0.000242586
1411 0.000242586
1412 0.000242586
1413 0.000242586
1414 0.000242586
1415 0.000242586
1416 0.000242586
1417 0.000242586
1418 0.000242586
1419 0.000242586
1420 0.000242586
1421 0.000242586
1422 0.000242586
1423 0.000242586
1424 0.000242586
1425 0.000242586
1426 0.000242586
1427 0.000242586
1428 0.000242586
1429 0.000242586
1430 0.000242586
1431 0.000242586
1432 0.000242586
1433 0.000242586
1434 0.000242586
1435 0.000242586
1436 0.000242586
1437 0.000242586
1438 0.000242586
1439 0.000242586
1440 0.000242586
1441 0.000242586
1442 0.000242586
1443 0.000242586
1444 0.000242586
1445 0.000242586
1446 0.000242586
1447 0.000242586
1448 0.000242586
1449 0.000242586
1450 0.000242586
1451 0.000242586
1452 0.000242586
1453 0.000242586
1454 0.000242586
1455 0.000242586
1456 0.000242586
1457 0.000242586
1458 0.000242586
1459 0.000242586
1460 0.000242586
1461 0.000242586
1462 0.000242586
1463 0.000242586
1464 0.000242586
1465 0.000242586
1466 0.000242586
1467 0.000242586
1468 0.000242586
1469 0.000242586
1470 0.000242586
1471 0.000242586
1472 0.000242586
1473 0.000242586
1474 0.000242586
1475 0.000242586
1476 0.000242586
1477 0.000242586
1478 0.000242586
1479 0.000242586
1480 0.000242586
1481 0.000242586
1482 0.000242586
1483 0.000242586
1484 0.000242586
1485 0.000242586
1486 0.000242586
1487 0.000242586
1488 0.000242586
1489 0.000242586
1490 0.000242586
1491 0.000242586
1492 0.000242586
1493 0.000242586
1494 0.000242586
1495 0.000242586
1496 0.000242586
1497 0.000242586
1498 0.000242586
1499 0.000242586
1500 0.000242586
1501 0.000242586
1502 0.000242586
1503 0.000242586
1504 0.000242586
1505 0.000242586
1506 0.000242586
1507 0.000242586
1508 0.000242586
1509 0.000242586
1510 0.000242586
1511 0.000242586
1512 0.000242586
1513 0.000242586
1514 0.000242586
1515 0.000242586
1516 0.000242586
1517 0.000242586
1518 0.000242586
1519 0.000242586
1520 0.000242586
1521 0.000242586
1522 0.000242586
1523 0.000242586
1524 0.000242586
1525 0.000242586
1526 0.000242586
1527 0.000242586
1528 0.000242586
1529 0.000242586
1530 0.000242586
1531 0.000242586
1532 0.000242586
1533 0.000242586
1534 0.000242586
1535 0.000242586
1536 0.000242586
1537 0.000242586
1538 0.000242586
1539 0.000242586
1540 0.000242586
1541 0.000242586
1542 0.000242586
1543 0.000242586
1544 0.000242586
1545 0.000242586
1546 0.000242586
1547 0.000242586
1548 0.000242586
1549 0.000242586
1550 0.000242586
1551 0.000242586
1552 0.000242586
1553 0.000242586
1554 0.000242586
1555 0.000242586
1556 0.000242586
1557 0.000242586
1558 0.000242586
1559 0.000242586
1560 0.000242586
1561 0.000242586
1562 0.000242586
1563 0.000242586
1564 0.000242586
1565 0.000242586
1566 0.000242586
1567 0.000242586
1568 0.000242586
1569 0.000242586
1570 0.000242586
1571 0.000242586
1572 0.000242586
1573 0.000242586
1574 0.000242586
1575 0.000242586
1576 0.000242586
1577 0.000242586
1578 0.000242586
1579 0.000242586
1580 0.000242586
1581 0.000242586
1582 0.000242586
1583 0.000242586
1584 0.000242586
1585 0.000242586
1586 0.000242586
1587 0.000242586
1588 0.000242586
1589 0.000242586
1590 0.000242586
1591 0.000242586
1592 0.000242586
1593 0.000242586
1594 0.000242586
1595 0.000242586
1596 0.000242586
1597 0.000242586
1598 0.000242586
1599 0.000242586
1600 0.000242586
1601 0.000242586
1602 0.000242586
1603 0.000242586
1604 0.000242586
1605 0.000242586
1606 0.000242586
1607 0.000242586
1608 0.000242586
1609 0.000242586
1610 0.000242586
1611 0.000242586
1612 0.000242586
1613 0.000242586
1614 0.000242586
1615 0.000242586
1616 0.000242586
1617 0.000242586
1618 0.000242586
1619 0.000242586
1620 0.000242586
1621 0.000242586
1622 0.000242586
1623 0.000242586
1624 0.000242586
1625 0.000242586
1626 0.000242586
1627 0.000242586
1628 0.000242586
1629 0.000242586
1630 0.000242586
1631 0.000242586
1632 0.000242586
1633 0.000242586
1634 0.000242586
1635 0.000242586
1636 0.000242586
1637 0.000242586
1638 0.000242586
1639 0.000242586
1640 0.000242586
1641 0.000242586
1642 0.000242586
1643 0.000242586
1644 0.000242586
1645 0.000242586
1646 0.000242586
1647 0.000242586
1648 0.000242586
1649 0.000242586
1650 0.000242586
1651 0.000242586
1652 0.000242586
1653 0.000242586
1654 0.000242586
1655 0.000242586
1656 0.000242586
1657 0.000242586
1658 0.000242586
1659 0.000242586
1660 0.000242586
1661 0.000242586
1662 0.000242586
1663 0.000242586
1664 0.000242586
1665 0.000242586
1666 0.000242586
1667 0.000242586
1668 0.000242586
1669 0.000242586
1670 0.000242586
1671 0.000242586
1672 0.000242586
1673 0.000242586
1674 0.000242586
1675 0.000242586
1676 0.000242586
1677 0.000242586
1678 0.000242586
1679 0.000242586
1680 0.000242586
1681 0.000242586
1682 0.000242586
1683 0.000242586
1684 0.000242586
1685 0.000242586
1686 0.000242586
1687 0.000242586
1688 0.000242586
1689 0.000242586
1690 0.000242586
1691 0.000242586
1692 0.000242586
1693 0.000242586
1694 0.000242586
1695 0.000242586
1696 0.000242586
1697 0.000242586
1698 0.000242586
1699 0.000242586
1700 0.000242586
1701 0.000242586
1702 0.000242586
1703 0.000242586
1704 0.000242586
1705 0.000242586
1706 0.000242586
1707 0.000242586
1708 0.000242586
1709 0.000242586
1710 0.000242586
1711 0.000242586
1712 0.000242586
1713 0.000242586
1714 0.000242586
1715 0.000242586
1716 0.000242586
1717 0.000242586
1718 0.000242586
1719 0.000242586
1720 0.000242586
1721 0.000242586
1722 0.000242586
1723 0.000242586
1724 0.000242586
1725 0.000242586
1726 0.000242586
1727 0.000242586
1728 0.000242586
1729 0.000242586
1730 0.000242586
1731 0.000242586
1732 0.000242586
1733 0.000242586
1734 0.000242586
1735 0.000242586
1736 0.000242586
1737 0.000242586
1738 0.000242586
1739 0.000242586
1740 0.000242586
1741 0.000242586
1742 0.000242586
1743 0.000242586
1744 0.000242586
1745 0.000242586
1746 0.000242586
1747 0.000242586
1748 0.000242586
1749 0.000242586
1750 0.000242586
1751 0.000242586
1752 0.000242586
1753 0.000242586
1754 0.000242586
1755 0.000242586
1756 0.000242586
1757 0.000242586
1758 0.000242586
1759 0.000242586
1760 0.000242586
1761 0.000242586
1762 0.000242586
1763 0.000242586
1764 0.000242586
1765 0.000242586
1766 0.000242586
1767 0.000242586
1768 0.000242586
1769 0.000242586
1770 0.000242586
1771 0.000242586
1772 0.000242586
1773 0.000242586
1774 0.000242586
1775 0.000242586
1776 0.000242586
1777 0.000242586
1778 0.000242586
1779 0.000242586
1780 0.000242586
1781 0.000242586
1782 0.000242586
1783 0.000242586
1784 0.000242586
1785 0.000242586
1786 0.000242586
1787 0.000242586
1788 0.000242586
1789 0.000242586
1790 0.000242586
1791 0.000242586
1792 0.000242586
1793 0.000242586
1794 0.000242586
1795 0.000242586
1796 0.000242586
1797 0.000242586
1798 0.000242586
1799 0.000242586
1800 0.000242586
1801 0.000242586
1802 0.000242586
1803 0.000242586
1804 0.000242586
1805 0.000242586
1806 0.000242586
1807 0.000242586
1808 0.000242586
1809 0.000242586
1810 0.000242586
1811 0.000242586
1812 0.000242586
1813 0.000242586
1814 0.000242586
1815 0.000242586
1816 0.000242586
1817 0.000242586
1818 0.000242586
1819 0.000242586
1820 0.000242586
1821 0.000242586
1822 0.000242586
1823 0.000242586
1824 0.000242586
1825 0.000242586
1826 0.000242586
1827 0.000242586
1828 0.000242586
1829 0.000242586
1830 0.000242586
1831 0.000242586
1832 0.000242586
1833 0.000242586
1834 0.000242586
1835 0.000242586
1836 0.000242586
1837 0.000242586
1838 0.000242586
1839 0.000242586
1840 0.000242586
1841 0.000242586
1842 0.000242586
1843 0.000242586
1844 0.000242586
1845 0.000242586
1846 0.000242586
1847 0.000242586
1848 0.000242586
1849 0.000242586
1850 0.000242586
1851 0.000242586
1852 0.000242586
1853 0.000242586
1854 0.000242586
1855 0.000242586
1856 0.000242586
1857 0.000242586
1858 0.000242586
1859 0.000242586
1860 0.000242586
1861 0.000242586
1862 0.000242586
1863 0.000242586
1864 0.000242586
1865 0.000242586
1866 0.000242586
1867 0.000242586
1868 0.000242586
1869 0.000242586
1870 0.000242586
1871 0.000242586
1872 0.000242586
1873 0.000242586
1874 0.000242586
1875 0.000242586
1876 0.000242586
1877 0.000242586
1878 0.000242586
1879 0.000242586
1880 0.000242586
1881 0.000242586
1882 0.000242586
1883 0.000242586
1884 0.000242586
1885 0.000242586
1886 0.000242586
1887 0.000242586
1888 0.000242586
1889 0.000242586
1890 0.000242586
1891 0.000242586
1892 0.000242586
1893 0.000242586
1894 0.000242586
1895 0.000242586
1896 0.000242586
1897 0.000242586
1898 0.000242586
1899 0.000242586
1900 0.000242586
1901 0.000242586
1902 0.000242586
1903 0.000242586
1904 0.000242586
1905 0.000242586
1906 0.000242586
1907 0.000242586
1908 0.000242586
1909 0.000242586
1910 0.000242586
1911 0.000242586
1912 0.000242586
1913 0.000242586
1914 0.000242586
1915 0.000242586
1916 0.000242586
1917 0.000242586
1918 0.000242586
1919 0.000242586
1920 0.000242586
1921 0.000242586
1922 0.000242586
1923 0.000242586
1924 0.000242586
1925 0.000242586
1926 0.000242586
1927 0.000242586
1928 0.000242586
1929 0.000242586
1930 0.000242586
1931 0.000242586
1932 0.000242586
1933 0.000242586
1934 0.000242586
1935 0.000242586
1936 0.000242586
1937 0.000242586
1938 0.000242586
1939 0.000242586
1940 0.000242586
1941 0.000242586
1942 0.000242586
1943 0.000242586
1944 0.000242586
1945 0.000242586
1946 0.000242586
1947 0.000242586
1948 0.000242586
1949 0.000242586
1950 0.000242586
1951 0.000242586
1952 0.000242586
1953 0.000242586
1954 0.000242586
1955 0.000242586
1956 0.000242586
1957 0.000242586
1958 0.000242586
1959 0.000242586
1960 0.000242586
1961 0.000242586
1962 0.000242586
1963 0.000242586
1964 0.000242586
1965 0.000242586
1966 0.000242586
1967 0.000242586
1968 0.000242586
1969 0.000242586
1970 0.000242586
1971 0.000242586
1972 0.000242586
1973 0.000242586
1974 0.000242586
1975 0.000242586
1976 0.000242586
1977 0.000242586
1978 0.000242586
1979 0.000242586
1980 0.000242586
1981 0.000242586
1982 0.000242586
1983 0.000242586
1984 0.000242586
1985 0.000242586
1986 0.000242586
1987 0.000242586
1988 0.000242586
1989 0.000242586
1990 0.000242586
1991 0.000242586
1992 0.000242586
1993 0.000242586
1994 0.000242586
1995 0.000242586
1996 0.000242586
1997 0.000242586
1998 0.000242586
1999 0.000242586
2000 0.000242586
2001 0.000242586
2002 0.000242586
2003 0.000242586
2004 0.000242586
2005 0.000242586
2006 0.000242586
2007 0.000242586
2008 0.000242586
2009 0.000242586
2010 0.000242586
2011 0.000242586
2012 0.000242586
2013 0.000242586
2014 0.000242586
2015 0.000242586
2016 0.000242586
2017 0.000242586
2018 0.000242586
2019 0.000242586
2020 0.000242586
2021 0.000242586
2022 0.000242586
2023 0.000242586
2024 0.000242586
2025 0.000242586
2026 0.000242586
2027 0.000242586
2028 0.000242586
2029 0.000242586
2030 0.000242586
2031 0.000242586
2032 0.000242586
2033 0.000242586
2034 0.000242586
2035 0.000242586
2036 0.000242586
2037 0.000242586
2038 0.000242586
2039 0.000242586
2040 0.000242586
2041 0.000242586
2042 0.000242586
2043 0.000242586
2044 0.000242586
2045 0.000242586
2046 0.000242586
2047 0.000242586
2048 0.000242586
2049 0.000242586
2050 0.000242586
2051 0.000242586
2052 0.000242586
2053 0.000242586
2054 0.000242586
2055 0.000242586
2056 0.000242586
2057 0.000242586
2058 0.000242586
2059 0.000242586
2060 0.000242586
2061 0.000242586
2062 0.000242586
2063 0.000242586
2064 0.000242586
2065 0.000242586
2066 0.000242586
2067 0.000242586
2068 0.000242586
2069 0.000242586
2070 0.000242586
2071 0.000242586
2072 0.000242586
2073 0.000242586
2074 0.000242586
2075 0.000242586
2076 0.000242586
2077 0.000242586
2078 0.000242586
2079 0.000242586
2080 0.000242586
2081 0.000242586
2082 0.000242586
2083 0.000242586
2084 0.000242586
2085 0.000242586
2086 0.000242586
2087 0.000242586
2088 0.000242586
2089 0.000242586
2090 0.000242586
2091 0.000242586
2092 0.000242586
2093 0.000242586
2094 0.000242586
2095 0.000242586
2096 0.000242586
2097 0.000242586
2098 0.000242586
2099 0.000242586
2100 0.000242586
2101 0.000242586
2102 0.000242586
2103 0.000242586
2104 0.000242586
2105 0.000242586
2106 0.000242586
2107 0.000242586
2108 0.000242586
2109 0.000242586
2110 0.000242586
2111 0.000242586
2112 0.000242586
2113 0.000242586
2114 0.000242586
2115 0.000242586
2116 0.000242586
2117 0.000242586
2118 0.000242586
2119 0.000242586
2120 0.000242586
2121 0.000242586
2122 0.000242586
2123 0.000242586
2124 0.000242586
2125 0.000242586
2126 0.000242586
2127 0.000242586
2128 0.000242586
2129 0.000242586
2130 0.000242586
2131 0.000242586
2132 0.000242586
2133 0.000242586
2134 0.000242586
2135 0.000242586
2136 0.000242586
2137 0.000242586
2138 0.000242586
2139 0.000242586
2140 0.000242586
2141 0.000242586
2142 0.000242586
2143 0.000242586
2144 0.000242586
2145 0.000242586
2146 0.000242586
2147 0.000242586
2148 0.000242586
2149 0.000242586
2150 0.000242586
2151 0.000242586
2152 0.000242586
2153 0.000242586
2154 0.000242586
2155 0.000242586
2156 0.000242586
2157 0.000242586
2158 0.000242586
2159 0.000242586
2160 0.000242586
2161 0.000242586
2162 0.000242586
2163 0.000242586
2164 0.000242586
2165 0.000242586
2166 0.000242586
2167 0.000242586
2168 0.000242586
2169 0.000242586
2170 0.000242586
2171 0.000242586
2172 0.000242586
2173 0.000242586
2174 0.000242586
2175 0.000242586
2176 0.000242586
2177 0.000242586
2178 0.000242586
2179 0.000242586
2180 0.000242586
2181 0.000242586
2182 0.000242586
2183 0.000242586
2184 0.000242586
2185 0.000242586
2186 0.000242586
2187 0.000242586
2188 0.000242586
2189 0.000242586
2190 0.000242586
2191 0.000242586
2192 0.000242586
2193 0.000242586
2194 0.000242586
2195 0.000242586
2196 0.000242586
2197 0.000242586
2198 0.000242586
2199 0.000242586
2200 0.000242586
2201 0.000242586
2202 0.000242586
2203 0.000242586
2204 0.000242586
2205 0.000242586
2206 0.000242586
2207 0.000242586
2208 0.000242586
2209 0.000242586
2210 0.000242586
2211 0.000242586
2212 0.000242586
2213 0.000242586
2214 0.000242586
2215 0.000242586
2216 0.000242586
2217 0.000242586
2218 0.000242586
2219 0.000242586
2220 0.000242586
2221 0.000242586
2222 0.000242586
2223 0.000242586
2224 0.000242586
2225 0.000242586
2226 0.000242586
2227 0.000242586
2228 0.000242586
2229 0.000242586
2230 0.000242586
2231 0.000242586
2232 0.000242586
2233 0.000242586
2234 0.000242586
2235 0.000242586
2236 0.000242586
2237 0.000242586
2238 0.000242586
2239 0.000242586
2240 0.000242586
2241 0.000242586
2242 0.000242586
2243 0.000242586
2244 0.000242586
2245 0.000242586
2246 0.000242586
2247 0.000242586
2248 0.000242586
2249 0.000242586
2250 0.000242586
2251 0.000242586
2252 0.000242586
2253 0.000242586
2254 0.000242586
2255 0.000242586
2256 0.000242586
2257 0.000242586
2258 0.000242586
2259 0.000242586
2260 0.000242586
2261 0.000242586
2262 0.000242586
2263 0.000242586
2264 0.000242586
2265 0.000242586
2266 0.000242586
2267 0.000242586
2268 0.000242586
2269 0.000242586
2270 0.000242586
2271 0.000242586
2272 0.000242586
2273 0.000242586
2274 0.000242586
2275 0.000242586
2276 0.000242586
2277 0.000242586
2278 0.000242586
2279 0.000242586
2280 0.000242586
2281 0.000242586
2282 0.000242586
2283 0.000242586
2284 0.000242586
2285 0.000242586
2286 0.000242586
2287 0.000242586
2288 0.000242586
2289 0.000242586
2290 0.000242586
2291 0.000242586
2292 0.000242586
2293 0.000242586
2294 0.000242586
2295 0.000242586
2296 0.000242586
2297 0.000242586
2298 0.000242586
2299 0.000242586
2300 0.000242586
2301 0.000242586
2302 0.000242586
2303 0.000242586
2304 0.000242586
2305 0.000242586
2306 0.000242586
2307 0.000242586
2308 0.000242586
2309 0.000242586
2310 0.000242586
2311 0.000242586
2312 0.000242586
2313 0.000242586
2314 0.000242586
2315 0.000242586
2316 0.000242586
2317 0.000242586
2318 0.000242586
2319 0.000242586
2320 0.000242586
2321 0.000242586
2322 0.000242586
2323 0.000242586
2324 0.000242586
2325 0.000242586
2326 0.000242586
2327 0.000242586
2328 0.000242586
2329 0.000242586
2330 0.000242586
2331 0.000242586
2332 0.000242586
2333 0.000242586
2334 0.000242586
2335 0.000242586
2336 0.000242586
2337 0.000242586
2338 0.000242586
2339 0.000242586
2340 0.000242586
2341 0.000242586
2342 0.000242586
2343 0.000242586
2344 0.000242586
2345 0.000242586
2346 0.000242586
2347 0.000242586
2348 0.000242586
2349 0.000242586
2350 0.000242586
2351 0.000242586
2352 0.000242586
2353 0.000242586
2354 0.000242586
2355 0.000242586
2356 0.000242586
2357 0.000242586
2358 0.000242586
2359 0.000242586
2360 0.000242586
2361 0.000242586
2362 0.000242586
2363 0.000242586
2364 0.000242586
2365 0.000242586
2366 0.000242586
2367 0.000242586
2368 0.000242586
2369 0.000242586
2370 0.000242586
2371 0.000242586
2372 0.000242586
2373 0.000242586
2374 0.000242586
2375 0.000242586
2376 0.000242586
2377 0.000242586
2378 0.000242586
2379 0.000242586
2380 0.000242586
2381 0.000242586
2382 0.000242586
2383 0.000242586
2384 0.000242586
2385 0.000242586
2386 0.000242586
2387 0.000242586
2388 0.000242586
2389 0.000242586
2390 0.000242586
2391 0.000242586
2392 0.000242586
2393 0.000242586
2394 0.000242586
2395 0.000242586
2396 0.000242586
2397 0.000242586
2398 0.000242586
2399 0.000242586
2400 0.000242586
2401 0.000242586
2402 0.000242586
2403 0.000242586
2404 0.000242586
2405 0.000242586
2406 0.000242586
2407 0.000242586
2408 0.000242586
2409 0.000242586
2410 0.000242586
2411 0.000242586
2412 0.000242586
2413 0.000242586
2414 0.000242586
2415 0.000242586
2416 0.000242586
2417 0.000242586
2418 0.000242586
2419 0.000242586
2420 0.000242586
2421 0.000242586
2422 0.000242586
2423 0.000242586
2424 0.000242586
2425 0.000242586
2426 0.000242586
2427 0.000242586
2428 0.000242586
2429 0.000242586
2430 0.000242586
2431 0.000242586
2432 0.000242586
2433 0.000242586
2434 0.000242586
2435 0.000242586
2436 0.000242586
2437 0.000242586
2438 0.000242586
2439 0.000242586
2440 0.000242586
2441 0.000242586
2442 0.000242586
2443 0.000242586
2444 0.000242586
2445 0.000242586
2446 0.000242586
2447 0.000242586
2448 0.000242586
2449 0.000242586
2450 0.000242586
2451 0.000242586
2452 0.000242586
2453 0.000242586
2454 0.000242586
2455 0.000242586
2456 0.000242586
2457 0.000242586
2458 0.000242586
2459 0.000242586
2460 0.000242586
2461 0.000242586
2462 0.000242586
2463 0.000242586
2464 0.000242586
2465 0.000242586
2466 0.000242586
2467 0.000242586
2468 0.000242586
2469 0.000242586
2470 0.000242586
2471 0.000242586
2472 0.000242586
2473 0.000242586
2474 0.000242586
2475 0.000242586
2476 0.000242586
2477 0.000242586
2478 0.000242586
2479 0.000242586
2480 0.000242586
2481 0.000242586
2482 0.000242586
2483 0.000242586
2484 0.000242586
2485 0.000242586
2486 0.000242586
2487 0.000242586
2488 0.000242586
2489 0.000242586
2490 0.000242586
2491 0.000242586
2492 0.000242586
2493 0.000242586
2494 0.000242586
2495 0.000242586
2496 0.000242586
2497 0.000242586
2498 0.000242586
2499 0.000242586
2500 0.000242586
2501 0.000242586
2502 0.000242586
2503 0.000242586
2504 0.000242586
2505 0.000242586
2506 0.000242586
2507 0.000242586
2508 0.000242586
2509 0.000242586
2510 0.000242586
2511 0.000242586
2512 0.000242586
2513 0.000242586
2514 0.000242586
2515 0.000242586
2516 0.000242586
2517 0.000242586
2518 0.000242586
2519 0.000242586
2520 0.000242586
2521 0.000242586
2522 0.000242586
2523 0.000242586
2524 0.000242586
2525 0.000242586
2526 0.000242586
2527 0.000242586
2528 0.000242586
2529 0.000242586
2530 0.000242586
2531 0.000242586
2532 0.000242586
2533 0.000242586
2534 0.000242586
2535 0.000242586
2536 0.000242586
2537 0.000242586
2538 0.000242586
2539 0.000242586
2540 0.000242586
2541 0.000242586
2542 0.000242586
2543 0.000242586
2544 0.000242586
2545 0.000242586
2546 0.000242586
2547 0.000242586
2548 0.000242586
2549 0.000242586
2550 0.000242586
2551 0.000242586
2552 0.000242586
2553 0.000242586
2554 0.000242586
2555 0.000242586
2556 0.000242586
2557 0.000242586
2558 0.000242586
2559 0.000242586
2560 0.000242586
2561 0.000242586
2562 0.000242586
2563 0.000242586
2564 0.000242586
2565 0.000242586
2566 0.000242586
2567 0.000242586
2568 0.000242586
2569 0.000242586
2570 0.000242586
2571 0.000242586
2572 0.000242586
2573 0.000242586
2574 0.000242586
2575 0.000242586
2576 0.000242586
2577 0.000242586
2578 0.000242586
2579 0.000242586
2580 0.000242586
2581 0.000242586
2582 0.000242586
2583 0.000242586
2584 0.000242586
2585 0.000242586
2586 0.000242586
2587 0.000242586
2588 0.000242586
2589 0.000242586
2590 0.000242586
2591 0.000242586
2592 0.000242586
2593 0.000242586
2594 0.000242586
2595 0.000242586
2596 0.000242586
2597 0.000242586
2598 0.000242586
2599 0.000242586
2600 0.000242586
2601 0.000242586
2602 0.000242586
2603 0.000242586
2604 0.000242586
2605 0.000242586
2606 0.000242586
2607 0.000242586
2608 0.000242586
2609 0.000242586
2610 0.000242586
2611 0.000242586
2612 0.000242586
2613 0.000242586
2614 0.000242586
2615 0.000242586
2616 0.000242586
2617 0.000242586
2618 0.000242586
2619 0.000242586
2620 0.000242586
2621 0.000242586
2622 0.000242586
2623 0.000242586
2624 0.000242586
2625 0.000242586
2626 0.000242586
2627 0.000242586
2628 0.000242586
2629 0.000242586
2630 0.000242586
2631 0.000242586
2632 0.000242586
2633 0.000242586
2634 0.000242586
2635 0.000242586
2636 0.000242586
2637 0.000242586
2638 0.000242586
2639 0.000242586
2640 0.000242586
2641 0.000242586
2642 0.000242586
2643 0.000242586
2644 0.000242586
2645 0.000242586
2646 0.000242586
2647 0.000242586
2648 0.000242586
2649 0.000242586
2650 0.000242586
2651 0.000242586
2652 0.000242586
2653 0.000242586
2654 0.000242586
2655 0.000242586
2656 0.000242586
2657 0.000242586
2658 0.000242586
2659 0.000242586
2660 0.000242586
2661 0.000242586
2662 0.000242586
2663 0.000242586
2664 0.000242586
2665 0.000242586
2666 0.000242586
2667 0.000242586
2668 0.000242586
2669 0.000242586
2670 0.000242586
2671 0.000242586
2672 0.000242586
2673 0.000242586
2674 0.000242586
2675 0.000242586
2676 0.000242586
2677 0.000242586
2678 0.000242586
2679 0.000242586
2680 0.000242586
2681 0.000242586
2682 0.000242586
2683 0.000242586
2684 0.000242586
2685 0.000242586
2686 0.000242586
2687 0.000242586
2688 0.000242586
2689 0.000242586
2690 0.000242586
2691 0.000242586
2692 0.000242586
2693 0.000242586
2694 0.000242586
2695 0.000242586
2696 0.000242586
2697 0.000242586
2698 0.000242586
2699 0.000242586
2700 0.000242586
2701 0.000242586
2702 0.000242586
2703 0.000242586
2704 0.000242586
2705 0.000242586
2706 0.000242586
2707 0.000242586
2708 0.000242586
2709 0.000242586
2710 0.000242586
2711 0.000242586
2712 0.000242586
2713 0.000242586
2714 0.000242586
2715 0.000242586
2716 0.000242586
2717 0.000242586
2718 0.000242586
2719 0.000242586
2720 0.000242586
2721 0.000242586
2722 0.000242586
2723 0.000242586
2724 0.000242586
2725 0.000242586
2726 0.000242586
2727 0.000242586
2728 0.000242586
2729 0.000242586
2730 0.000242586
2731 0.000242586
2732 0.000242586
2733 0.000242586
2734 0.000242586
2735 0.000242586
2736 0.000242586
2737 0.000242586
2738 0.000242586
2739 0.000242586
2740 0.000242586
2741 0.000242586
2742 0.000242586
2743 0.000242586
2744 0.000242586
2745 0.000242586
2746 0.000242586
2747 0.000242586
2748 0.000242586
2749 0.000242586
2750 0.000242586
2751 0.000242586
2752 0.000242586
2753 0.000242586
2754 0.000242586
2755 0.000242586
2756 0.000242586
2757 0.000242586
2758 0.000242586
2759 0.000242586
2760 0.000242586
2761 0.000242586
2762 0.000242586
2763 0.000242586
2764 0.000242586
2765 0.000242586
2766 0.000242586
2767 0.000242586
2768 0.000242586
2769 0.000242586
2770 0.000242586
2771 0.000242586
2772 0.000242586
2773 0.000242586
2774 0.000242586
2775 0.000242586
2776 0.000242586
2777 0.000242586
2778 0.000242586
2779 0.000242586
2780 0.000242586
2781 0.000242586
2782 0.000242586
2783 0.000242586
2784 0.000242586
2785 0.000242586
2786 0.000242586
2787 0.000242586
2788 0.000242586
2789 0.000242586
2790 0.000242586
2791 0.000242586
2792 0.000242586
2793 0.000242586
2794 0.000242586
2795 0.000242586
2796 0.000242586
2797 0.000242586
2798 0.000242586
2799 0.000242586
2800 0.000242586
2801 0.000242586
2802 0.000242586
2803 0.000242586
2804 0.000242586
2805 0.000242586
2806 0.000242586
2807 0.000242586
2808 0.000242586
2809 0.000242586
2810 0.000242586
2811 0.000242586
2812 0.000242586
2813 0.000242586
2814 0.000242586
2815 0.000242586
2816 0.000242586
2817 0.000242586
2818 0.000242586
2819 0.000242586
2820 0.000242586
2821 0.000242586
2822 0.000242586
2823 0.000242586
2824 0.000242586
2825 0.000242586
2826 0.000242586
2827 0.000242586
2828 0.000242586
2829 0.000242586
2830 0.000242586
2831 0.000242586
2832 0.000242586
2833 0.000242586
2834 0.000242586
2835 0.000242586
2836 0.000242586
2837 0.000242586
2838 0.000242586
2839 0.000242586
2840 0.000242586
2841 0.000242586
2842 0.000242586
2843 0.000242586
2844 0.000242586
2845 0.000242586
2846 0.000242586
2847 0.000242586
2848 0.000242586
2849 0.000242586
2850 0.000242586
2851 0.000242586
2852 0.000242586
2853 0.000242586
2854 0.000242586
2855 0.000242586
2856 0.000242586
2857 0.000242586
2858 0.000242586
2859 0.000242586
2860 0.000242586
2861 0.000242586
2862 0.000242586
2863 0.000242586
2864 0.000242586
2865 0.000242586
2866 0.000242586
2867 0.000242586
2868 0.000242586
2869 0.000242586
2870 0.000242586
2871 0.000242586
2872 0.000242586
2873 0.000242586
2874 0.000242586
2875 0.000242586
2876 0.000242586
2877 0.000242586
2878 0.000242586
2879 0.000242586
2880 0.000242586
2881 0.000242586
2882 0.000242586
2883 0.000242586
2884 0.000242586
2885 0.000242586
2886 0.000242586
2887 0.000242586
2888 0.000242586
2889 0.000242586
2890 0.000242586
2891 0.000242586
2892 0.000242586
2893 0.000242586
2894 0.000242586
2895 0.000242586
2896 0.000242586
2897 0.000242586
2898 0.000242586
2899 0.000242586
2900 0.000242586
2901 0.000242586
2902 0.000242586
2903 0.000242586
2904 0.000242586
2905 0.000242586
2906 0.000242586
2907 0.000242586
2908 0.000242586
2909 0.000242586
2910 0.000242586
2911 0.000242586
2912 0.000242586
2913 0.000242586
2914 0.000242586
2915 0.000242586
2916 0.000242586
2917 0.000242586
2918 0.000242586
2919 0.000242586
2920 0.000242586
2921 0.000242586
2922 0.000242586
2923 0.000242586
2924 0.000242586
2925 0.000242586
2926 0.000242586
2927 0.000242586
2928 0.000242586
2929 0.000242586
2930 0.000242586
2931 0.000242586
2932 0.000242586
2933 0.000242586
2934 0.000242586
2935 0.000242586
2936 0.000242586
2937 0.000242586
2938 0.000242586
2939 0.000242586
2940 0.000242586
2941 0.000242586
2942 0.000242586
2943 0.000242586
2944 0.000242586
2945 0.000242586
2946 0.000242586
2947 0.000242586
2948 0.000242586
2949 0.000242586
2950 0.000242586
2951 0.000242586
2952 0.000242586
2953 0.000242586
2954 0.000242586
2955 0.000242586
2956 0.000242586
2957 0.000242586
2958 0.000242586
2959 0.000242586
2960 0.000242586
2961 0.000242586
2962 0.000242586
2963 0.000242586
2964 0.000242586
2965 0.000242586
2966 0.000242586
2967 0.000242586
2968 0.000242586
2969 0.000242586
2970 0.000242586
2971 0.000242586
2972 0.000242586
2973 0.000242586
2974 0.000242586
2975 0.000242586
2976 0.000242586
2977 0.000242586
2978 0.000242586
2979 0.000242586
2980 0.000242586
2981 0.000242586
2982 0.000242586
2983 0.000242586
2984 0.000242586
2985 0.000242586
2986 0.000242586
2987 0.000242586
2988 0.000242586
2989 0.000242586
2990 0.000242586
2991 0.000242586
2992 0.000242586
2993 0.000242586
2994 0.000242586
2995 0.000242586
2996 0.000242586
2997 0.000242586
2998 0.000242586
2999 0.000242586
3000 0.000242586
3001 0.000242586
3002 0.000242586
3003 0.000242586
3004 0.000242586
3005 0.000242586
3006 0.000242586
3007 0.000242586
3008 0.000242586
3009 0.000242586
3010 0.000242586
3011 0.000242586
3012 0.000242586
3013 0.000242586
3014 0.000242586
3015 0.000242586
3016 0.000242586
3017 0.000242586
3018 0.000242586
3019 0.000242586
3020 0.000242586
3021 0.000242586
3022 0.000242586
3023 0.000242586
3024 0.000242586
3025 0.000242586
3026 0.000242586
3027 0.000242586
3028 0.000242586
3029 0.000242586
3030 0.000242586
3031 0.000242586
3032 0.000242586
3033 0.000242586
3034 0.000242586
3035 0.000242586
3036 0.000242586
3037 0.000242586
3038 0.000242586
3039 0.000242586
3040 0.000242586
3041 0.000242586
3042 0.000242586
3043 0.000242586
3044 0.000242586
3045 0.000242586
3046 0.000242586
3047 0.000242586
3048 0.000242586
3049 0.000242586
3050 0.000242586
3051 0.000242586
3052 0.000242586
3053 0.000242586
3054 0.000242586
3055 0.000242586
3056 0.000242586
3057 0.000242586
3058 0.000242586
3059 0.000242586
3060 0.000242586
3061 0.000242586
3062 0.000242586
3063 0.000242586
3064 0.000242586
3065 0.000242586
3066 0.000242586
3067 0.000242586
3068 0.000242586
3069 0.000242586
3070 0.000242586
3071 0.000242586
3072 0.000242586
3073 0.000242586
3074 0.000242586
3075 0.000242586
3076 0.000242586
3077 0.000242586
3078 0.000242586
3079 0.000242586
3080 0.000242586
3081 0.000242586
3082 0.000242586
3083 0.000242586
3084 0.000242586
3085 0.000242586
3086 0.000242586
3087 0.000242586
3088 0.000242586
3089 0.000242586
3090 0.000242586
3091 0.000242586
3092 0.000242586
3093 0.000242586
3094 0.000242586
3095 0.000242586
3096 0.000242586
3097 0.000242586
3098 0.000242586
3099 0.000242586
3100 0.000242586
3101 0.000242586
3102 0.000242586
3103 0.000242586
3104 0.000242586
3105 0.000242586
3106 0.000242586
3107 0.000242586
3108 0.000242586
3109 0.000242586
3110 0.000242586
3111 0.000242586
3112 0.000242586
3113 0.000242586
3114 0.000242586
3115 0.000242586
3116 0.000242586
3117 0.000242586
3118 0.000242586
3119 0.000242586
3120 0.000242586
3121 0.000242586
3122 0.000242586
3123 0.000242586
3124 0.000242586
3125 0.000242586
3126 0.000242586
3127 0.000242586
3128 0.000242586
3129 0.000242586
3130 0.000242586
3131 0.000242586
3132 0.000242586
3133 0.000242586
3134 0.000242586
3135 0.000242586
3136 0.000242586
3137 0.000242586
3138 0.000242586
3139 0.000242586
3140 0.000242586
3141 0.000242586
3142 0.000242586
3143 0.000242586
3144 0.000242586
3145 0.000242586
3146 0.000242586
3147 0.000242586
3148 0.000242586
3149 0.000242586
3150 0.000242586
3151 0.000242586
3152 0.000242586
3153 0.000242586
3154 0.000242586
3155 0.000242586
3156 0.000242586
3157 0.000242586
3158 0.000242586
3159 0.000242586
3160 0.000242586
3161 0.000242586
3162 0.000242586
3163 0.000242586
3164 0.000242586
3165 0.000242586
3166 0.000242586
3167 0.000242586
3168 0.000242586
3169 0.000242586
3170 0.000242586
3171 0.000242586
3172 0.000242586
3173 0.000242586
3174 0.000242586
3175 0.000242586
3176 0.000242586
3177 0.000242586
3178 0.000242586
3179 0.000242586
3180 0.000242586
3181 0.000242586
3182 0.000242586
3183 0.000242586
3184 0.000242586
3185 0.000242586
3186 0.000242586
3187 0.000242586
3188 0.000242586
3189 0.000242586
3190 0.000242586
3191 0.000242586
3192 0.000242586
3193 0.000242586
3194 0.000242586
3195 0.000242586
3196 0.000242586
3197 0.000242586
3198 0.000242586
3199 0.000242586
3200 0.000242586
3201 0.000242586
3202 0.000242586
3203 0.000242586
3204 0.000242586
3205 0.000242586
3206 0.000242586
3207 0.000242586
3208 0.000242586
3209 0.000242586
3210 0.000242586
3211 0.000242586
3212 0.000242586
3213 0.000242586
3214 0.000242586
3215 0.000242586
3216 0.000242586
3217 0.000242586
3218 0.000242586
3219 0.000242586
3220 0.000242586
3221 0.000242586
3222 0.000242586
3223 0.000242586
3224 0.000242586
3225 0.000242586
3226 0.000242586
3227 0.000242586
3228 0.000242586
3229 0.000242586
3230 0.000242586
3231 0.000242586
3232 0.000242586
3233 0.000242586
3234 0.000242586
3235 0.000242586
3236 0.000242586
3237 0.000242586
3238 0.000242586
3239 0.000242586
3240 0.000242586
3241 0.000242586
3242 0.000242586
3243 0.000242586
3244 0.000242586
3245 0.000242586
3246 0.000242586
3247 0.000242586
3248 0.000242586
3249 0.000242586
3250 0.000242586
3251 0.000242586
3252 0.000242586
3253 0.000242586
3254 0.000242586
3255 0.000242586
3256 0.000242586
3257 0.000242586
3258 0.000242586
3259 0.000242586
3260 0.000242586
3261 0.000242586
3262 0.000242586
3263 0.000242586
3264 0.000242586
3265 0.000242586
3266 0.000242586
3267 0.000242586
3268 0.000242586
3269 0.000242586
3270 0.000242586
3271 0.000242586
3272 0.000242586
3273 0.000242586
3274 0.000242586
3275 0.000242586
3276 0.000242586
3277 0.000242586
3278 0.000242586
3279 0.000242586
3280 0.000242586
3281 0.000242586
3282 0.000242586
3283 0.000242586
3284 0.000242586
3285 0.000242586
3286 0.000242586
3287 0.000242586
3288 0.000242586
3289 0.000242586
3290 0.000242586
3291 0.000242586
3292 0.000242586
3293 0.000242586
3294 0.000242586
3295 0.000242586
3296 0.000242586
3297 0.000242586
3298 0.000242586
3299 0.000242586
3300 0.000242586
3301 0.000242586
3302 0.000242586
3303 0.000242586
3304 0.000242586
3305 0.000242586
3306 0.000242586
3307 0.000242586
3308 0.000242586
3309 0.000242586
3310 0.000242586
3311 0.000242586
3312 0.000242586
3313 0.000242586
3314 0.000242586
3315 0.000242586
3316 0.000242586
3317 0.000242586
3318 0.000242586
3319 0.000242586
3320 0.000242586
3321 0.000242586
3322 0.000242586
3323 0.000242586
3324 0.000242586
3325 0.000242586
3326 0.000242586
3327 0.000242586
3328 0.000242586
3329 0.000242586
3330 0.000242586
3331 0.000242586
3332 0.000242586
3333 0.000242586
3334 0.000242586
3335 0.000242586
3336 0.000242586
3337 0.000242586
3338 0.000242586
3339 0.000242586
3340 0.000242586
3341 0.000242586
3342 0.000242586
3343 0.000242586
3344 0.000242586
3345 0.000242586
3346 0.000242586
3347 0.000242586
3348 0.000242586
3349 0.000242586
3350 0.000242586
3351 0.000242586
3352 0.000242586
3353 0.000242586
3354 0.000242586
3355 0.000242586
3356 0.000242586
3357 0.000242586
3358 0.000242586
3359 0.000242586
3360 0.000242586
3361 0.000242586
3362 0.000242586
3363 0.000242586
3364 0.000242586
3365 0.000242586
3366 0.000242586
3367 0.000242586
3368 0.000242586
3369 0.000242586
3370 0.000242586
3371 0.000242586
3372 0.000242586
3373 0.000242586
3374 0.000242586
3375 0.000242586
3376 0.000242586
3377 0.000242586
3378 0.000242586
3379 0.000242586
3380 0.000242586
3381 0.000242586
3382 0.000242586
3383 0.000242586
3384 0.000242586
3385 0.000242586
3386 0.000242586
3387 0.000242586
3388 0.000242586
3389 0.000242586
3390 0.000242586
3391 0.000242586
3392 0.000242586
3393 0.000242586
3394 0.000242586
3395 0.000242586
3396 0.000242586
3397 0.000242586
3398 0.000242586
3399 0.000242586
3400 0.000242586
3401 0.000242586
3402 0.000242586
3403 0.000242586
3404 0.000242586
3405 0.000242586
3406 0.000242586
3407 0.000242586
3408 0.000242586
3409 0.000242586
3410 0.000242586
3411 0.000242586
3412 0.000242586
3413 0.000242586
3414 0.000242586
3415 0.000242586
3416 0.000242586
3417 0.000242586
3418 0.000242586
3419 0.000242586
3420 0.000242586
3421 0.000242586
3422 0.000242586
3423 0.000242586
3424 0.000242586
3425 0.000242586
3426 0.000242586
3427 0.000242586
3428 0.000242586
3429 0.000242586
3430 0.000242586
3431 0.000242586
3432 0.000242586
3433 0.000242586
3434 0.000242586
3435 0.000242586
3436 0.000242586
3437 0.000242586
3438 0.000242586
3439 0.000242586
3440 0.000242586
3441 0.000242586
3442 0.000242586
3443 0.000242586
3444 0.000242586
3445 0.000242586
3446 0.000242586
3447 0.000242586
3448 0.000242586
3449 0.000242586
3450 0.000242586
3451 0.000242586
3452 0.000242586
3453 0.000242586
3454 0.000242586
3455 0.000242586
3456 0.000242586
3457 0.000242586
3458 0.000242586
3459 0.000242586
3460 0.000242586
3461 0.000242586
3462 0.000242586
3463 0.000242586
3464 0.000242586
3465 0.000242586
3466 0.000242586
3467 0.000242586
3468 0.000242586
3469 0.000242586
3470 0.000242586
3471 0.000242586
3472 0.000242586
3473 0.000242586
3474 0.000242586
3475 0.000242586
3476 0.000242586
3477 0.000242586
3478 0.000242586
3479 0.000242586
3480 0.000242586
3481 0.000242586
3482 0.000242586
3483 0.000242586
3484 0.000242586
3485 0.000242586
3486 0.000242586
3487 0.000242586
3488 0.000242586
3489 0.000242586
3490 0.000242586
3491 0.000242586
3492 0.000242586
3493 0.000242586
3494 0.000242586
3495 0.000242586
3496 0.000242586
3497 0.000242586
3498 0.000242586
3499 0.000242586
3500 0.000242586
3501 0.000242586
3502 0.000242586
3503 0.000242586
3504 0.000242586
3505 0.000242586
3506 0.000242586
3507 0.000242586
3508 0.000242586
3509 0.000242586
3510 0.000242586
3511 0.000242586
3512 0.000242586
3513 0.000242586
3514 0.000242586
3515 0.000242586
3516 0.000242586
3517 0.000242586
3518 0.000242586
3519 0.000242586
3520 0.000242586
3521 0.000242586
3522 0.000242586
3523 0.000242586
3524 0.000242586
3525 0.000242586
3526 0.000242586
3527 0.000242586
3528 0.000242586
3529 0.000242586
3530 0.000242586
3531 0.000242586
3532 0.000242586
3533 0.000242586
3534 0.000242586
3535 0.000242586
3536 0.000242586
3537 0.000242586
3538 0.000242586
3539 0.000242586
3540 0.000242586
3541 0.000242586
3542 0.000242586
3543 0.000242586
3544 0.000242586
3545 0.000242586
3546 0.000242586
3547 0.000242586
3548 0.000242586
3549 0.000242586
3550 0.000242586
3551 0.000242586
3552 0.000242586
3553 0.000242586
3554 0.000242586
3555 0.000242586
3556 0.000242586
3557 0.000242586
3558 0.000242586
3559 0.000242586
3560 0.000242586
3561 0.000242586
3562 0.000242586
3563 0.000242586
3564 0.000242586
3565 0.000242586
3566 0.000242586
3567 0.000242586
3568 0.000242586
3569 0.000242586
3570 0.000242586
3571 0.000242586
3572 0.000242586
3573 0.000242586
3574 0.000242586
3575 0.000242586
3576 0.000242586
3577 0.000242586
3578 0.000242586
3579 0.000242586
3580 0.000242586
3581 0.000242586
3582 0.000242586
3583 0.000242586
3584 0.000242586
3585 0.000242586
3586 0.000242586
3587 0.000242586
3588 0.000242586
3589 0.000242586
3590 0.000242586
3591 0.000242586
3592 0.000242586
3593 0.000242586
3594 0.000242586
3595 0.000242586
3596 0.000242586
3597 0.000242586
3598 0.000242586
3599 0.000242586
3600 0.000242586
3601 0.000242586
3602 0.000242586
3603 0.000242586
3604 0.000242586
3605 0.000242586
3606 0.000242586
3607 0.000242586
3608 0.000242586
3609 0.000242586
3610 0.000242586
3611 0.000242586
3612 0.000242586
3613 0.000242586
3614 0.000242586
3615 0.000242586
3616 0.000242586
3617 0.000242586
3618 0.000242586
3619 0.000242586
3620 0.000242586
3621 0.000242586
3622 0.000242586
3623 0.000242586
3624 0.000242586
3625 0.000242586
3626 0.000242586
3627 0.000242586
3628 0.000242586
3629 0.000242586
3630 0.000242586
3631 0.000242586
3632 0.000242586
3633 0.000242586
3634 0.000242586
3635 0.000242586
3636 0.000242586
3637 0.000242586
3638 0.000242586
3639 0.000242586
3640 0.000242586
3641 0.000242586
3642 0.000242586
3643 0.000242586
3644 0.000242586
3645 0.000242586
3646 0.000242586
3647 0.000242586
3648 0.000242586
3649 0.000242586
3650 0.000242586
3651 0.000242586
3652 0.000242586
3653 0.000242586
3654 0.000242586
3655 0.000242586
3656 0.000242586
3657 0.000242586
3658 0.000242586
3659 0.000242586
3660 0.000242586
3661 0.000242586
3662 0.000242586
3663 0.000242586
3664 0.000242586
3665 0.000242586
3666 0.000242586
3667 0.000242586
3668 0.000242586
3669 0.000242586
3670 0.000242586
3671 0.000242586
3672 0.000242586
3673 0.000242586
3674 0.000242586
3675 0.000242586
3676 0.000242586
3677 0.000242586
3678 0.000242586
3679 0.000242586
3680 0.000242586
3681 0.000242586
3682 0.000242586
3683 0.000242586
3684 0.000242586
3685 0.000242586
3686 0.000242586
3687 0.000242586
3688 0.000242586
3689 0.000242586
3690 0.000242586
3691 0.000242586
3692 0.000242586
3693 0.000242586
3694 0.000242586
3695 0.000242586
3696 0.000242586
3697 0.000242586
3698 0.000242586
3699 0.000242586
3700 0.000242586
3701 0.000242586
3702 0.000242586
3703 0.000242586
3704 0.000242586
3705 0.000242586
3706 0.000242586
3707 0.000242586
3708 0.000242586
3709 0.000242586
3710 0.000242586
3711 0.000242586
3712 0.000242586
3713 0.000242586
3714 0.000242586
3715 0.000242586
3716 0.000242586
3717 0.000242586
3718 0.000242586
3719 0.000242586
3720 0.000242586
3721 0.000242586
3722 0.000242586
3723 0.000242586
3724 0.000242586
3725 0.000242586
3726 0.000242586
3727 0.000242586
3728 0.000242586
3729 0.000242586
3730 0.000242586
3731 0.000242586
3732 0.000242586
3733 0.000242586
3734 0.000242586
3735 0.000242586
3736 0.000242586
3737 0.000242586
3738 0.000242586
3739 0.000242586
3740 0.000242586
3741 0.000242586
3742 0.000242586
3743 0.000242586
3744 0.000242586
3745 0.000242586
3746 0.000242586
3747 0.000242586
3748 0.000242586
3749 0.000242586
3750 0.000242586
3751 0.000242586
3752 0.000242586
3753 0.000242586
3754 0.000242586
3755 0.000242586
3756 0.000242586
3757 0.000242586
3758 0.000242586
3759 0.000242586
3760 0.000242586
3761 0.000242586
3762 0.000242586
3763 0.000242586
3764 0.000242586
3765 0.000242586
3766 0.000242586
3767 0.000242586
3768 0.000242586
3769 0.000242586
3770 0.000242586
3771 0.000242586
3772 0.000242586
3773 0.000242586
3774 0.000242586
3775 0.000242586
3776 0.000242586
3777 0.000242586
3778 0.000242586
3779 0.000242586
3780 0.000242586
3781 0.000242586
3782 0.000242586
3783 0.000242586
3784 0.000242586
3785 0.000242586
3786 0.000242586
3787 0.000242586
3788 0.000242586
3789 0.000242586
3790 0.000242586
3791 0.000242586
3792 0.000242586
3793 0.000242586
3794 0.000242586
3795 0.000242586
3796 0.000242586
3797 0.000242586
3798 0.000242586
3799 0.000242586
3800 0.000242586
3801 0.000242586
3802 0.000242586
3803 0.000242586
3804 0.000242586
3805 0.000242586
3806 0.000242586
3807 0.000242586
3808 0.000242586
3809 0.000242586
3810 0.000242586
3811 0.000242586
3812 0.000242586
3813 0.000242586
3814 0.000242586
3815 0.000242586
3816 0.000242586
3817 0.000242586
3818 0.000242586
3819 0.000242586
3820 0.000242586
3821 0.000242586
3822 0.000242586
3823 0.000242586
3824 0.000242586
3825 0.000242586
3826 0.000242586
3827 0.000242586
3828 0.000242586
3829 0.000242586
3830 0.000242586
3831 0.000242586
3832 0.000242586
3833 0.000242586
3834 0.000242586
3835 0.000242586
3836 0.000242586
3837 0.000242586
3838 0.000242586
3839 0.000242586
3840 0.000242586
3841 0.000242586
3842 0.000242586
3843 0.000242586
3844 0.000242586
3845 0.000242586
3846 0.000242586
3847 0.000242586
3848 0.000242586
3849 0.000242586
3850 0.000242586
3851 0.000242586
3852 0.000242586
3853 0.000242586
3854 0.000242586
3855 0.000242586
3856 0.000242586
3857 0.000242586
3858 0.000242586
3859 0.000242586
3860 0.000242586
3861 0.000242586
3862 0.000242586
3863 0.000242586
3864 0.000242586
3865 0.000242586
3866 0.000242586
3867 0.000242586
3868 0.000242586
3869 0.000242586
3870 0.000242586
3871 0.000242586
3872 0.000242586
3873 0.000242586
3874 0.000242586
3875 0.000242586
3876 0.000242586
3877 0.000242586
3878 0.000242586
3879 0.000242586
3880 0.000242586
3881 0.000242586
3882 0.000242586
3883 0.000242586
3884 0.000242586
3885 0.000242586
3886 0.000242586
3887 0.000242586
3888 0.000242586
3889 0.000242586
3890 0.000242586
3891 0.000242586
3892 0.000242586
3893 0.000242586
3894 0.000242586
3895 0.000242586
3896 0.000242586
3897 0.000242586
3898 0.000242586
3899 0.000242586
3900 0.000242586
3901 0.000242586
3902 0.000242586
3903 0.000242586
3904 0.000242586
3905 0.000242586
3906 0.000242586
3907 0.000242586
3908 0.000242586
3909 0.000242586
3910 0.000242586
3911 0.000242586
3912 0.000242586
3913 0.000242586
3914 0.000242586
3915 0.000242586
3916 0.000242586
3917 0.000242586
3918 0.000242586
3919 0.000242586
3920 0.000242586
3921 0.000242586
3922 0.000242586
3923 0.000242586
3924 0.000242586
3925 0.000242586
3926 0.000242586
3927 0.000242586
3928 0.000242586
3929 0.000242586
3930 0.000242586
3931 0.000242586
3932 0.000242586
3933 0.000242586
3934 0.000242586
3935 0.000242586
3936 0.000242586
3937 0.000242586
3938 0.000242586
3939 0.000242586
3940 0.000242586
3941 0.000242586
3942 0.000242586
3943 0.000242586
3944 0.000242586
3945 0.000242586
3946 0.000242586
3947 0.000242586
3948 0.000242586
3949 0.000242586
3950 0.000242586
3951 0.000242586
3952 0.000242586
3953 0.000242586
3954 0.000242586
3955 0.000242586
3956 0.000242586
3957 0.000242586
3958 0.000242586
3959 0.000242586
3960 0.000242586
3961 0.000242586
3962 0.000242586
3963 0.000242586
3964 0.000242586
3965 0.000242586
3966 0.000242586
3967 0.000242586
3968 0.000242586
3969 0.000242586
3970 0.000242586
3971 0.000242586
3972 0.000242586
3973 0.000242586
3974 0.000242586
3975 0.000242586
3976 0.000242586
3977 0.000242586
3978 0.000242586
3979 0.000242586
3980 0.000242586
3981 0.000242586
3982 0.000242586
3983 0.000242586
3984 0.000242586
3985 0.000242586
3986 0.000242586
3987 0.000242586
3988 0.000242586
3989 0.000242586
3990 0.000242586
3991 0.000242586
3992 0.000242586
3993 0.000242586
3994 0.000242586
3995 0.000242586
3996 0.000242586
3997 0.000242586
3998 0.000242586
3999 0.000242586
4000 0.000242586
4001 0.000242586
4002 0.000242586
4003 0.000242586
4004 0.000242586
4005 0.000242586
4006 0.000242586
4007 0.000242586
4008 0.000242586
4009 0.000242586
4010 0.000242586
4011 0.000242586
4012 0.000242586
4013 0.000242586
4014 0.000242586
4015 0.000242586
4016 0.000242586
4017 0.000242586
4018 0.000242586
4019 0.000242586
4020 0.000242586
4021 0.000242586
4022 0.000242586
4023 0.000242586
4024 0.000242586
4025 0.000242586
4026 0.000242586
4027 0.000242586
4028 0.000242586
4029 0.000242586
4030 0.000242586
4031 0.000242586
4032 0.000242586
4033 0.000242586
4034 0.000242586
4035 0.000242586
4036 0.000242586
4037 0.000242586
4038 0.000242586
