1 2 501.946
1 4 375.732
1 6 625.542
1 8 875.427
1 10 1125.35
1 12 1375.3
1 14 1625.26
1 16 1875.23
1 18 2125.2
1 20 2375.19
1 22 2625.17
1 24 2875.16
1 26 3125.14
1 28 3375.13
1 30 3625.13
1 32 3875.12
1 34 4125.11
1 36 4375.11
1 38 4625.1
1 40 4875.1
2 2 507.694
2 4 377.918
2 6 627.166
2 8 876.707
2 10 1126.41
2 12 1376.19
2 14 1626.04
2 16 1875.92
2 18 2125.82
2 20 2375.74
2 22 2625.68
2 24 2875.62
2 26 3125.58
2 28 3375.54
2 30 3625.5
2 32 3875.47
2 34 4125.45
2 36 4375.42
2 38 4625.4
2 40 4875.38
3 2 517
3 4 381.535
3 6 629.864
3 8 878.837
3 10 1128.16
3 12 1377.68
3 14 1627.33
3 16 1877.06
3 18 2126.84
3 20 2376.67
3 22 2626.52
3 24 2876.4
3 26 3126.3
3 28 3376.21
3 30 3626.13
3 32 3876.06
3 34 4126
3 36 4375.95
3 38 4625.9
3 40 4875.86
4 2 529.508
4 4 386.541
4 6 633.621
4 8 881.809
4 10 1130.61
4 12 1379.77
4 14 1629.14
4 16 1878.66
4 18 2128.28
4 20 2377.97
4 22 2627.71
4 24 2877.49
4 26 3127.31
4 28 3377.15
4 30 3627.01
4 32 3876.89
4 34 4126.78
4 36 4376.69
4 38 4626.6
4 40 4876.52
5 2 544.812
5 4 392.884
5 6 638.419
5 8 885.617
5 10 1133.75
5 12 1382.44
5 14 1631.46
5 16 1880.71
5 18 2130.12
5 20 2379.63
5 22 2629.23
5 24 2878.9
5 26 3128.61
5 28 3378.36
5 30 3628.15
5 32 3877.96
5 34 4127.79
5 36 4377.64
5 38 4627.5
5 40 4877.38
6 2 562.5
6 4 400.5
6 6 644.235
6 8 890.248
6 10 1137.59
6 12 1385.7
6 14 1634.3
6 16 1883.22
6 18 2132.37
6 20 2381.67
6 22 2631.09
6 24 2880.61
6 26 3130.2
6 28 3379.84
6 30 3629.53
6 32 3879.25
6 34 4129.01
6 36 4378.8
6 38 4628.6
6 40 4878.43
7 2 582.192
7 4 409.318
7 6 651.042
7 8 895.69
7 10 1142.1
7 12 1389.54
7 14 1637.65
7 16 1886.18
7 18 2135.02
7 20 2384.07
7 22 2633.29
7 24 2882.63
7 26 3132.07
7 28 3381.59
7 30 3631.16
7 32 3880.79
7 34 4130.46
7 36 4380.17
7 38 4629.9
7 40 4879.66
8 2 353.553
8 4 419.263
8 6 658.808
8 8 901.929
8 10 1147.28
8 12 1393.97
8 14 1641.5
8 16 1889.59
8 18 2138.08
8 20 2386.85
8 22 2635.82
8 24 2884.97
8 26 3134.23
8 28 3383.6
8 30 3633.05
8 32 3882.56
8 34 4132.13
8 36 4381.75
8 38 4631.4
8 40 4881.09
9 2 376.3
9 4 430.255
9 6 667.5
9 8 908.948
9 10 1153.12
9 12 1398.96
9 14 1645.85
9 16 1893.45
9 18 2141.54
9 20 2389.98
9 22 2638.69
9 24 2887.61
9 26 3136.68
9 28 3385.88
9 30 3635.18
9 32 3884.57
9 34 4134.02
9 36 4383.54
9 38 4633.1
9 40 4882.71
10 2 400.195
10 4 442.218
10 6 677.083
10 8 916.73
10 10 1159.62
10 12 1404.52
10 14 1650.71
10 16 1897.75
10 18 2145.4
10 20 2393.48
10 22 2641.89
10 24 2890.56
10 26 3139.41
10 28 3388.43
10 30 3637.57
10 32 3886.81
10 34 4136.14
10 36 4385.54
10 38 4635
10 40 4884.51
11 2 425.046
11 4 455.074
11 6 687.52
11 8 925.254
11 10 1166.76
11 12 1410.64
11 14 1656.05
11 16 1902.49
11 18 2149.66
11 20 2397.35
11 22 2645.43
11 24 2893.81
11 26 3142.43
11 28 3391.24
11 30 3640.2
11 32 3889.28
11 34 4138.47
11 36 4387.75
11 38 4637.1
11 40 4886.51
12 2 450.694
12 4 468.75
12 6 698.771
12 8 934.5
12 10 1174.53
12 12 1417.32
12 14 1661.89
12 16 1907.67
12 18 2154.31
12 20 2401.57
12 22 2649.29
12 24 2897.37
12 26 3145.73
12 28 3394.32
12 30 3643.08
12 32 3891.99
12 34 4141.03
12 36 4390.16
12 38 4639.39
12 40 4888.69
13 2 477.011
13 4 483.176
13 6 710.799
13 8 944.449
13 10 1182.92
13 12 1424.54
13 14 1668.21
13 16 1913.29
13 18 2159.36
13 20 2406.15
13 22 2653.49
13 24 2901.24
13 26 3149.32
13 28 3397.66
13 30 3646.21
13 32 3894.93
13 34 4143.8
13 36 4392.79
13 38 4641.88
13 40 4891.06
14 2 503.891
14 4 498.288
14 6 723.565
14 8 955.076
14 10 1191.92
14 12 1432.29
14 14 1675.01
14 16 1919.34
14 18 2164.8
14 20 2411.09
14 22 2658.01
14 24 2905.41
14 26 3153.19
14 28 3401.26
14 30 3649.59
14 32 3898.11
14 34 4146.8
14 36 4395.63
14 38 4644.58
14 40 4893.63
15 2 531.25
15 4 514.025
15 6 737.03
15 8 966.361
15 10 1201.5
15 12 1440.58
15 14 1682.29
15 16 1925.81
15 18 2170.63
15 20 2416.39
15 22 2662.86
15 24 2909.88
15 26 3157.34
15 28 3405.13
15 30 3653.21
15 32 3901.52
15 34 4150.01
15 36 4398.67
15 38 4647.47
15 40 4896.38
16 2 559.017
16 4 530.33
16 6 751.157
16 8 1000
16 10 1250
16 12 1500
16 14 1750
16 16 2000
16 18 2250
16 20 2500
16 22 2750
16 24 3000
16 26 3250
16 28 3500
16 30 3750
16 32 4000
16 34 4250
16 36 4500
16 38 4750
16 40 5000
17 2 587.134
17 4 547.154
17 6 796.875
17 8 1062.5
17 10 1328.12
17 12 1593.75
17 14 1859.38
17 16 2125
17 18 2390.62
17 20 2656.25
17 22 2921.88
17 24 3187.5
17 26 3453.12
17 28 3718.75
17 30 3984.38
17 32 4250
17 34 4515.62
17 36 4781.25
17 38 5046.87
17 40 5312.5
18 2 615.554
18 4 564.45
18 6 843.75
18 8 1125
18 10 1406.25
18 12 1687.5
18 14 1968.75
18 16 2250
18 18 2531.25
18 20 2812.5
18 22 3093.75
18 24 3375
18 26 3656.25
18 28 3937.5
18 30 4218.75
18 32 4500
18 34 4781.25
18 36 5062.5
18 38 5343.75
18 40 5625
19 2 644.235
19 4 593.75
19 6 890.625
19 8 1187.5
19 10 1484.38
19 12 1781.25
19 14 2078.12
19 16 2375
19 18 2671.88
19 20 2968.75
19 22 3265.63
19 24 3562.5
19 26 3859.38
19 28 4156.25
19 30 4453.12
19 32 4750
19 34 5046.88
19 36 5343.75
19 38 5640.62
19 40 5937.5
20 2 673.146
20 4 625
20 6 937.5
20 8 1250
20 10 1562.5
20 12 1875
20 14 2187.5
20 16 2500
20 18 2812.5
20 20 3125
20 22 3437.5
20 24 3750
20 26 4062.5
20 28 4375
20 30 4687.5
20 32 5000
20 34 5312.5
20 36 5625
20 38 5937.5
20 40 6250
21 2 702.256
21 4 656.25
21 6 984.375
21 8 1312.5
21 10 1640.62
21 12 1968.75
21 14 2296.88
21 16 2625
21 18 2953.12
21 20 3281.25
21 22 3609.38
21 24 3937.5
21 26 4265.63
21 28 4593.75
21 30 4921.87
21 32 5250
21 34 5578.12
21 36 5906.25
21 38 6234.38
21 40 6562.5
22 2 731.544
22 4 687.5
22 6 1031.25
22 8 1375
22 10 1718.75
22 12 2062.5
22 14 2406.25
22 16 2750
22 18 3093.75
22 20 3437.5
22 22 3781.25
22 24 4125
22 26 4468.75
22 28 4812.5
22 30 5156.25
22 32 5500
22 34 5843.75
22 36 6187.5
22 38 6531.25
22 40 6875
23 2 760.987
23 4 718.75
23 6 1078.12
23 8 1437.5
23 10 1796.88
23 12 2156.25
23 14 2515.62
23 16 2875
23 18 3234.38
23 20 3593.75
23 22 3953.13
23 24 4312.5
23 26 4671.88
23 28 5031.25
23 30 5390.62
23 32 5750
23 34 6109.38
23 36 6468.75
23 38 6828.12
23 40 7187.5
24 2 790.569
24 4 750
24 6 1125
24 8 1500
24 10 1875
24 12 2250
24 14 2625
24 16 3000
24 18 3375
24 20 3750
24 22 4125
24 24 4500
24 26 4875
24 28 5250
24 30 5625
24 32 6000
24 34 6375
24 36 6750
24 38 7125
24 40 7500
25 2 820.275
25 4 781.25
25 6 1171.88
25 8 1562.5
25 10 1953.12
25 12 2343.75
25 14 2734.38
25 16 3125
25 18 3515.63
25 20 3906.25
25 22 4296.88
25 24 4687.5
25 26 5078.13
25 28 5468.75
25 30 5859.37
25 32 6250
25 34 6640.62
25 36 7031.25
25 38 7421.88
25 40 7812.5
26 2 850.092
26 4 812.5
26 6 1218.75
26 8 1625
26 10 2031.25
26 12 2437.5
26 14 2843.75
26 16 3250
26 18 3656.25
26 20 4062.5
26 22 4468.75
26 24 4875
26 26 5281.25
26 28 5687.5
26 30 6093.75
26 32 6500
26 34 6906.25
26 36 7312.5
26 38 7718.75
26 40 8125
27 2 880.008
27 4 843.75
27 6 1265.62
27 8 1687.5
27 10 2109.38
27 12 2531.25
27 14 2953.12
27 16 3375
27 18 3796.88
27 20 4218.75
27 22 4640.63
27 24 5062.5
27 26 5484.38
27 28 5906.25
27 30 6328.12
27 32 6750
27 34 7171.87
27 36 7593.75
27 38 8015.62
27 40 8437.5
28 2 910.014
28 4 875
28 6 1312.5
28 8 1750
28 10 2187.5
28 12 2625
28 14 3062.5
28 16 3500
28 18 3937.5
28 20 4375
28 22 4812.5
28 24 5250
28 26 5687.5
28 28 6125
28 30 6562.5
28 32 7000
28 34 7437.5
28 36 7875
28 38 8312.5
28 40 8750
29 2 940.101
29 4 906.25
29 6 1359.38
29 8 1812.5
29 10 2265.62
29 12 2718.75
29 14 3171.88
29 16 3625
29 18 4078.13
29 20 4531.25
29 22 4984.37
29 24 5437.5
29 26 5890.62
29 28 6343.75
29 30 6796.87
29 32 7250
29 34 7703.12
29 36 8156.25
29 38 8609.37
29 40 9062.5
30 2 970.261
30 4 937.5
30 6 1406.25
30 8 1875
30 10 2343.75
30 12 2812.5
30 14 3281.25
30 16 3750
30 18 4218.75
30 20 4687.5
30 22 5156.25
30 24 5625
30 26 6093.75
30 28 6562.5
30 30 7031.25
30 32 7500
30 34 7968.75
30 36 8437.5
30 38 8906.25
30 40 9375
31 2 1000.49
31 4 968.75
31 6 1453.12
31 8 1937.5
31 10 2421.87
31 12 2906.25
31 14 3390.62
31 16 3875
31 18 4359.38
31 20 4843.75
31 22 5328.13
31 24 5812.5
31 26 6296.88
31 28 6781.25
31 30 7265.62
31 32 7750
31 34 8234.37
31 36 8718.75
31 38 9203.13
31 40 9687.5
32 2 1030.78
32 4 1000
32 6 1500
32 8 2000
32 10 2500
32 12 3000
32 14 3500
32 16 4000
32 18 4500
32 20 5000
32 22 5500
32 24 6000
32 26 6500
32 28 7000
32 30 7500
32 32 8000
32 34 8500
32 36 9000
32 38 9500
32 40 10000
33 2 1061.12
33 4 1031.25
33 6 1546.88
33 8 2062.5
33 10 2578.12
33 12 3093.75
33 14 3609.37
33 16 4125
33 18 4640.63
33 20 5156.25
33 22 5671.88
33 24 6187.5
33 26 6703.12
33 28 7218.75
33 30 7734.38
33 32 8250
33 34 8765.62
33 36 9281.25
33 38 9796.88
33 40 10312.5
34 2 1091.52
34 4 1062.5
34 6 1593.75
34 8 2125
34 10 2656.25
34 12 3187.5
34 14 3718.75
34 16 4250
34 18 4781.25
34 20 5312.5
34 22 5843.75
34 24 6375
34 26 6906.25
34 28 7437.5
34 30 7968.75
34 32 8500
34 34 9031.25
34 36 9562.5
34 38 10093.7
34 40 10625
35 2 1121.96
35 4 1093.75
35 6 1640.62
35 8 2187.5
35 10 2734.38
35 12 3281.25
35 14 3828.12
35 16 4375
35 18 4921.88
35 20 5468.75
35 22 6015.63
35 24 6562.5
35 26 7109.37
35 28 7656.25
35 30 8203.12
35 32 8750
35 34 9296.88
35 36 9843.75
35 38 10390.6
35 40 10937.5
36 2 1152.44
36 4 1125
36 6 1687.5
36 8 2250
36 10 2812.5
36 12 3375
36 14 3937.5
36 16 4500
36 18 5062.5
36 20 5625
36 22 6187.5
36 24 6750
36 26 7312.5
36 28 7875
36 30 8437.5
36 32 9000
36 34 9562.5
36 36 10125
36 38 10687.5
36 40 11250
37 2 1182.97
37 4 1156.25
37 6 1734.38
37 8 2312.5
37 10 2890.62
37 12 3468.75
37 14 4046.87
37 16 4625
37 18 5203.12
37 20 5781.25
37 22 6359.38
37 24 6937.5
37 26 7515.63
37 28 8093.75
37 30 8671.88
37 32 9250
37 34 9828.13
37 36 10406.2
37 38 10984.4
37 40 11562.5
38 2 1213.53
38 4 1187.5
38 6 1781.25
38 8 2375
38 10 2968.75
38 12 3562.5
38 14 4156.25
38 16 4750
38 18 5343.75
38 20 5937.5
38 22 6531.25
38 24 7125
38 26 7718.75
38 28 8312.5
38 30 8906.25
38 32 9500
38 34 10093.8
38 36 10687.5
38 38 11281.2
38 40 11875
39 2 1244.13
39 4 1218.75
39 6 1828.13
39 8 2437.5
39 10 3046.88
39 12 3656.25
39 14 4265.62
39 16 4875
39 18 5484.38
39 20 6093.75
39 22 6703.13
39 24 7312.5
39 26 7921.88
39 28 8531.25
39 30 9140.62
39 32 9750
39 34 10359.4
39 36 10968.8
39 38 11578.1
39 40 12187.5
40 2 1274.75
40 4 1250
40 6 1875
40 8 2500
40 10 3125
40 12 3750
40 14 4375
40 16 5000
40 18 5625
40 20 6250
40 22 6875
40 24 7500
40 26 8125
40 28 8750
40 30 9375
40 32 10000
40 34 10625
40 36 11250
40 38 11875
40 40 12500
41 2 1305.41
41 4 1281.25
41 6 1921.88
41 8 2562.5
41 10 3203.12
41 12 3843.75
41 14 4484.37
41 16 5125
41 18 5765.63
41 20 6406.25
41 22 7046.88
41 24 7687.5
41 26 8328.12
41 28 8968.75
41 30 9609.38
41 32 10250
41 34 10890.6
41 36 11531.2
41 38 12171.9
41 40 12812.5
42 2 1336.1
42 4 1312.5
42 6 1968.75
42 8 2625
42 10 3281.25
42 12 3937.5
42 14 4593.75
42 16 5250
42 18 5906.25
42 20 6562.5
42 22 7218.75
42 24 7875
42 26 8531.25
42 28 9187.5
42 30 9843.75
42 32 10500
42 34 11156.2
42 36 11812.5
42 38 12468.7
42 40 13125
43 2 1366.81
43 4 1343.75
43 6 2015.62
43 8 2687.5
43 10 3359.38
43 12 4031.25
43 14 4703.12
43 16 5375
43 18 6046.88
43 20 6718.75
43 22 7390.63
43 24 8062.5
43 26 8734.37
43 28 9406.25
43 30 10078.1
43 32 10750
43 34 11421.9
43 36 12093.8
43 38 12765.6
43 40 13437.5
44 2 1397.54
44 4 1375
44 6 2062.5
44 8 2750
44 10 3437.5
44 12 4125
44 14 4812.5
44 16 5500
44 18 6187.5
44 20 6875
44 22 7562.5
44 24 8250
44 26 8937.5
44 28 9625
44 30 10312.5
44 32 11000
44 34 11687.5
44 36 12375
44 38 13062.5
44 40 13750
45 2 1428.3
45 4 1406.25
45 6 2109.38
45 8 2812.5
45 10 3515.62
45 12 4218.75
45 14 4921.87
45 16 5625
45 18 6328.12
45 20 7031.25
45 22 7734.38
45 24 8437.5
45 26 9140.63
45 28 9843.75
45 30 10546.9
45 32 11250
45 34 11953.1
45 36 12656.2
45 38 13359.4
45 40 14062.5
46 2 1459.08
46 4 1437.5
46 6 2156.25
46 8 2875
46 10 3593.75
46 12 4312.5
46 14 5031.25
46 16 5750
46 18 6468.75
46 20 7187.5
46 22 7906.25
46 24 8625
46 26 9343.75
46 28 10062.5
46 30 10781.2
46 32 11500
46 34 12218.8
46 36 12937.5
46 38 13656.2
46 40 14375
47 2 1489.87
47 4 1468.75
47 6 2203.12
47 8 2937.5
47 10 3671.88
47 12 4406.25
47 14 5140.63
47 16 5875
47 18 6609.38
47 20 7343.75
47 22 8078.13
47 24 8812.5
47 26 9546.88
47 28 10281.2
47 30 11015.6
47 32 11750
47 34 12484.4
47 36 13218.8
47 38 13953.1
47 40 14687.5
48 2 1520.69
48 4 1500
48 6 2250
48 8 3000
48 10 3750
48 12 4500
48 14 5250
48 16 6000
48 18 6750
48 20 7500
48 22 8250
48 24 9000
48 26 9750
48 28 10500
48 30 11250
48 32 12000
48 34 12750
48 36 13500
48 38 14250
48 40 15000
49 2 1551.52
49 4 1531.25
49 6 2296.88
49 8 3062.5
49 10 3828.13
49 12 4593.75
49 14 5359.38
49 16 6125
49 18 6890.63
49 20 7656.25
49 22 8421.88
49 24 9187.5
49 26 9953.12
49 28 10718.8
49 30 11484.4
49 32 12250
49 34 13015.6
49 36 13781.2
49 38 14546.9
49 40 15312.5
50 2 1582.37
50 4 1562.5
50 6 2343.75
50 8 3125
50 10 3906.25
50 12 4687.5
50 14 5468.75
50 16 6250
50 18 7031.25
50 20 7812.5
50 22 8593.75
50 24 9375
50 26 10156.2
50 28 10937.5
50 30 11718.8
50 32 12500
50 34 13281.2
50 36 14062.5
50 38 14843.8
50 40 15625
51 2 1613.24
51 4 1593.75
51 6 2390.62
51 8 3187.5
51 10 3984.38
51 12 4781.25
51 14 5578.12
51 16 6375
51 18 7171.88
51 20 7968.75
51 22 8765.63
51 24 9562.5
51 26 10359.4
51 28 11156.3
51 30 11953.1
51 32 12750
51 34 13546.9
51 36 14343.8
51 38 15140.6
51 40 15937.5
52 2 1644.12
52 4 1625
52 6 2437.5
52 8 3250
52 10 4062.5
52 12 4875
52 14 5687.5
52 16 6500
52 18 7312.5
52 20 8125
52 22 8937.5
52 24 9750
52 26 10562.5
52 28 11375
52 30 12187.5
52 32 13000
52 34 13812.5
52 36 14625
52 38 15437.5
52 40 16250
53 2 1675.01
53 4 1656.25
53 6 2484.38
53 8 3312.5
53 10 4140.62
53 12 4968.75
53 14 5796.88
53 16 6625
53 18 7453.13
53 20 8281.25
53 22 9109.38
53 24 9937.5
53 26 10765.6
53 28 11593.8
53 30 12421.9
53 32 13250
53 34 14078.1
53 36 14906.2
53 38 15734.4
53 40 16562.5
54 2 1705.92
54 4 1687.5
54 6 2531.25
54 8 3375
54 10 4218.75
54 12 5062.5
54 14 5906.25
54 16 6750
54 18 7593.75
54 20 8437.5
54 22 9281.25
54 24 10125
54 26 10968.8
54 28 11812.5
54 30 12656.2
54 32 13500
54 34 14343.7
54 36 15187.5
54 38 16031.2
54 40 16875
55 2 1736.84
55 4 1718.75
55 6 2578.13
55 8 3437.5
55 10 4296.87
55 12 5156.25
55 14 6015.62
55 16 6875
55 18 7734.38
55 20 8593.75
55 22 9453.12
55 24 10312.5
55 26 11171.9
55 28 12031.2
55 30 12890.6
55 32 13750
55 34 14609.4
55 36 15468.7
55 38 16328.1
55 40 17187.5
56 2 1767.77
56 4 1750
56 6 2625
56 8 3500
56 10 4375
56 12 5250
56 14 6125
56 16 7000
56 18 7875
56 20 8750
56 22 9625
56 24 10500
56 26 11375
56 28 12250
56 30 13125
56 32 14000
56 34 14875
56 36 15750
56 38 16625
56 40 17500
57 2 1798.71
57 4 1781.25
57 6 2671.88
57 8 3562.5
57 10 4453.12
57 12 5343.75
57 14 6234.37
57 16 7125
57 18 8015.62
57 20 8906.25
57 22 9796.88
57 24 10687.5
57 26 11578.1
57 28 12468.8
57 30 13359.4
57 32 14250
57 34 15140.6
57 36 16031.2
57 38 16921.9
57 40 17812.5
58 2 1829.66
58 4 1812.5
58 6 2718.75
58 8 3625
58 10 4531.25
58 12 5437.5
58 14 6343.75
58 16 7250
58 18 8156.25
58 20 9062.5
58 22 9968.75
58 24 10875
58 26 11781.2
58 28 12687.5
58 30 13593.8
58 32 14500
58 34 15406.2
58 36 16312.5
58 38 17218.8
58 40 18125
59 2 1860.62
59 4 1843.75
59 6 2765.62
59 8 3687.5
59 10 4609.38
59 12 5531.25
59 14 6453.12
59 16 7375
59 18 8296.88
59 20 9218.75
59 22 10140.6
59 24 11062.5
59 26 11984.4
59 28 12906.2
59 30 13828.1
59 32 14750
59 34 15671.9
59 36 16593.7
59 38 17515.6
59 40 18437.5
60 2 1891.59
60 4 1875
60 6 2812.5
60 8 3750
60 10 4687.5
60 12 5625
60 14 6562.5
60 16 7500
60 18 8437.5
60 20 9375
60 22 10312.5
60 24 11250
60 26 12187.5
60 28 13125
60 30 14062.5
60 32 15000
60 34 15937.5
60 36 16875
60 38 17812.5
60 40 18750
61 2 1922.57
61 4 1906.25
61 6 2859.38
61 8 3812.5
61 10 4765.62
61 12 5718.75
61 14 6671.87
61 16 7625
61 18 8578.13
61 20 9531.25
61 22 10484.4
61 24 11437.5
61 26 12390.6
61 28 13343.7
61 30 14296.9
61 32 15250
61 34 16203.1
61 36 17156.2
61 38 18109.4
61 40 19062.5
62 2 1953.56
62 4 1937.5
62 6 2906.25
62 8 3875
62 10 4843.75
62 12 5812.5
62 14 6781.25
62 16 7750
62 18 8718.75
62 20 9687.5
62 22 10656.3
62 24 11625
62 26 12593.8
62 28 13562.5
62 30 14531.3
62 32 15500
62 34 16468.8
62 36 17437.5
62 38 18406.3
62 40 19375
63 2 1984.56
63 4 1968.75
63 6 2953.12
63 8 3937.5
63 10 4921.87
63 12 5906.25
63 14 6890.62
63 16 7875
63 18 8859.38
63 20 9843.75
63 22 10828.1
63 24 11812.5
63 26 12796.9
63 28 13781.2
63 30 14765.6
63 32 15750
63 34 16734.4
63 36 17718.8
63 38 18703.1
63 40 19687.5
64 2 2015.56
64 4 2000
64 6 3000
64 8 4000
64 10 5000
64 12 6000
64 14 7000
64 16 8000
64 18 9000
64 20 10000
64 22 11000
64 24 12000
64 26 13000
64 28 14000
64 30 15000
64 32 16000
64 34 17000
64 36 18000
64 38 19000
64 40 20000
65 2 2046.58
65 4 2031.25
65 6 3046.88
65 8 4062.5
65 10 5078.12
65 12 6093.75
65 14 7109.38
65 16 8125
65 18 9140.63
65 20 10156.2
65 22 11171.9
65 24 12187.5
65 26 13203.1
65 28 14218.8
65 30 15234.4
65 32 16250
65 34 17265.6
65 36 18281.2
65 38 19296.9
65 40 20312.5
66 2 2077.6
66 4 2062.5
66 6 3093.75
66 8 4125
66 10 5156.25
66 12 6187.5
66 14 7218.75
66 16 8250
66 18 9281.25
66 20 10312.5
66 22 11343.8
66 24 12375
66 26 13406.2
66 28 14437.5
66 30 15468.8
66 32 16500
66 34 17531.2
66 36 18562.5
66 38 19593.8
66 40 20625
67 2 2108.62
67 4 2093.75
67 6 3140.62
67 8 4187.5
67 10 5234.38
67 12 6281.25
67 14 7328.13
67 16 8375
67 18 9421.88
67 20 10468.8
67 22 11515.6
67 24 12562.5
67 26 13609.4
67 28 14656.3
67 30 15703.1
67 32 16750
67 34 17796.9
67 36 18843.8
67 38 19890.6
67 40 20937.5
68 2 2139.66
68 4 2125
68 6 3187.5
68 8 4250
68 10 5312.5
68 12 6375
68 14 7437.5
68 16 8500
68 18 9562.5
68 20 10625
68 22 11687.5
68 24 12750
68 26 13812.5
68 28 14875
68 30 15937.5
68 32 17000
68 34 18062.5
68 36 19125
68 38 20187.5
68 40 21250
69 2 2170.69
69 4 2156.25
69 6 3234.37
69 8 4312.5
69 10 5390.62
69 12 6468.75
69 14 7546.87
69 16 8625
69 18 9703.13
69 20 10781.2
69 22 11859.4
69 24 12937.5
69 26 14015.6
69 28 15093.8
69 30 16171.9
69 32 17250
69 34 18328.1
69 36 19406.3
69 38 20484.4
69 40 21562.5
70 2 2201.74
70 4 2187.5
70 6 3281.25
70 8 4375
70 10 5468.75
70 12 6562.5
70 14 7656.25
70 16 8750
70 18 9843.75
70 20 10937.5
70 22 12031.2
70 24 13125
70 26 14218.7
70 28 15312.5
70 30 16406.2
70 32 17500
70 34 18593.7
70 36 19687.5
70 38 20781.2
70 40 21875
71 2 2232.79
71 4 2218.75
71 6 3328.13
71 8 4437.5
71 10 5546.88
71 12 6656.25
71 14 7765.62
71 16 8875
71 18 9984.38
71 20 11093.8
71 22 12203.1
71 24 13312.5
71 26 14421.9
71 28 15531.2
71 30 16640.6
71 32 17750
71 34 18859.4
71 36 19968.7
71 38 21078.1
71 40 22187.5
72 2 2263.85
72 4 2250
72 6 3375
72 8 4500
72 10 5625
72 12 6750
72 14 7875
72 16 9000
72 18 10125
72 20 11250
72 22 12375
72 24 13500
72 26 14625
72 28 15750
72 30 16875
72 32 18000
72 34 19125
72 36 20250
72 38 21375
72 40 22500
73 2 2294.91
73 4 2281.25
73 6 3421.88
73 8 4562.5
73 10 5703.12
73 12 6843.75
73 14 7984.38
73 16 9125
73 18 10265.6
73 20 11406.2
73 22 12546.9
73 24 13687.5
73 26 14828.1
73 28 15968.8
73 30 17109.4
73 32 18250
73 34 19390.6
73 36 20531.2
73 38 21671.9
73 40 22812.5
74 2 2325.97
74 4 2312.5
74 6 3468.75
74 8 4625
74 10 5781.25
74 12 6937.5
74 14 8093.75
74 16 9250
74 18 10406.2
74 20 11562.5
74 22 12718.8
74 24 13875
74 26 15031.3
74 28 16187.5
74 30 17343.8
74 32 18500
74 34 19656.3
74 36 20812.5
74 38 21968.7
74 40 23125
75 2 2357.05
75 4 2343.75
75 6 3515.63
75 8 4687.5
75 10 5859.37
75 12 7031.25
75 14 8203.12
75 16 9375
75 18 10546.9
75 20 11718.7
75 22 12890.6
75 24 14062.5
75 26 15234.4
75 28 16406.2
75 30 17578.1
75 32 18750
75 34 19921.9
75 36 21093.8
75 38 22265.6
75 40 23437.5
76 2 2388.12
76 4 2375
76 6 3562.5
76 8 4750
76 10 5937.5
76 12 7125
76 14 8312.5
76 16 9500
76 18 10687.5
76 20 11875
76 22 13062.5
76 24 14250
76 26 15437.5
76 28 16625
76 30 17812.5
76 32 19000
76 34 20187.5
76 36 21375
76 38 22562.5
76 40 23750
77 2 2419.2
77 4 2406.25
77 6 3609.38
77 8 4812.5
77 10 6015.63
77 12 7218.75
77 14 8421.87
77 16 9625
77 18 10828.1
77 20 12031.2
77 22 13234.4
77 24 14437.5
77 26 15640.6
77 28 16843.8
77 30 18046.9
77 32 19250
77 34 20453.1
77 36 21656.2
77 38 22859.4
77 40 24062.5
78 2 2450.29
78 4 2437.5
78 6 3656.25
78 8 4875
78 10 6093.75
78 12 7312.5
78 14 8531.25
78 16 9750
78 18 10968.7
78 20 12187.5
78 22 13406.3
78 24 14625
78 26 15843.8
78 28 17062.5
78 30 18281.2
78 32 19500
78 34 20718.7
78 36 21937.5
78 38 23156.2
78 40 24375
79 2 2481.38
79 4 2468.75
79 6 3703.12
79 8 4937.5
79 10 6171.88
79 12 7406.25
79 14 8640.63
79 16 9875
79 18 11109.4
79 20 12343.7
79 22 13578.1
79 24 14812.5
79 26 16046.9
79 28 17281.2
79 30 18515.6
79 32 19750
79 34 20984.4
79 36 22218.7
79 38 23453.1
79 40 24687.5
80 2 2512.47
80 4 2500
80 6 3750
80 8 5000
80 10 6250
80 12 7500
80 14 8750
80 16 10000
80 18 11250
80 20 12500
80 22 13750
80 24 15000
80 26 16250
80 28 17500
80 30 18750
80 32 20000
80 34 21250
80 36 22500
80 38 23750
80 40 25000
81 2 2543.57
81 4 2531.25
81 6 3796.88
81 8 5062.5
81 10 6328.12
81 12 7593.75
81 14 8859.38
81 16 10125
81 18 11390.6
81 20 12656.2
81 22 13921.9
81 24 15187.5
81 26 16453.1
81 28 17718.8
81 30 18984.4
81 32 20250
81 34 21515.6
81 36 22781.2
81 38 24046.9
81 40 25312.5
82 2 2574.67
82 4 2562.5
82 6 3843.75
82 8 5125
82 10 6406.25
82 12 7687.5
82 14 8968.75
82 16 10250
82 18 11531.3
82 20 12812.5
82 22 14093.8
82 24 15375
82 26 16656.2
82 28 17937.5
82 30 19218.8
82 32 20500
82 34 21781.2
82 36 23062.5
82 38 24343.7
82 40 25625
83 2 2605.77
83 4 2593.75
83 6 3890.63
83 8 5187.5
83 10 6484.38
83 12 7781.25
83 14 9078.13
83 16 10375
83 18 11671.9
83 20 12968.7
83 22 14265.6
83 24 15562.5
83 26 16859.4
83 28 18156.3
83 30 19453.1
83 32 20750
83 34 22046.9
83 36 23343.7
83 38 24640.6
83 40 25937.5
84 2 2636.88
84 4 2625
84 6 3937.5
84 8 5250
84 10 6562.5
84 12 7875
84 14 9187.5
84 16 10500
84 18 11812.5
84 20 13125
84 22 14437.5
84 24 15750
84 26 17062.5
84 28 18375
84 30 19687.5
84 32 21000
84 34 22312.5
84 36 23625
84 38 24937.5
84 40 26250
85 2 2667.99
85 4 2656.25
85 6 3984.38
85 8 5312.5
85 10 6640.63
85 12 7968.75
85 14 9296.87
85 16 10625
85 18 11953.1
85 20 13281.3
85 22 14609.4
85 24 15937.5
85 26 17265.6
85 28 18593.8
85 30 19921.9
85 32 21250
85 34 22578.1
85 36 23906.3
85 38 25234.4
85 40 26562.5
86 2 2699.1
86 4 2687.5
86 6 4031.25
86 8 5375
86 10 6718.75
86 12 8062.5
86 14 9406.25
86 16 10750
86 18 12093.7
86 20 13437.5
86 22 14781.3
86 24 16125
86 26 17468.7
86 28 18812.5
86 30 20156.3
86 32 21500
86 34 22843.7
86 36 24187.5
86 38 25531.2
86 40 26875
87 2 2730.22
87 4 2718.75
87 6 4078.12
87 8 5437.5
87 10 6796.88
87 12 8156.25
87 14 9515.63
87 16 10875
87 18 12234.4
87 20 13593.8
87 22 14953.1
87 24 16312.5
87 26 17671.9
87 28 19031.2
87 30 20390.6
87 32 21750
87 34 23109.4
87 36 24468.8
87 38 25828.1
87 40 27187.5
88 2 2761.34
88 4 2750
88 6 4125
88 8 5500
88 10 6875
88 12 8250
88 14 9625
88 16 11000
88 18 12375
88 20 13750
88 22 15125
88 24 16500
88 26 17875
88 28 19250
88 30 20625
88 32 22000
88 34 23375
88 36 24750
88 38 26125
88 40 27500
89 2 2792.46
89 4 2781.25
89 6 4171.88
89 8 5562.5
89 10 6953.13
89 12 8343.75
89 14 9734.38
89 16 11125
89 18 12515.6
89 20 13906.2
89 22 15296.9
89 24 16687.5
89 26 18078.1
89 28 19468.8
89 30 20859.4
89 32 22250
89 34 23640.6
89 36 25031.2
89 38 26421.9
89 40 27812.5
90 2 2823.59
90 4 2812.5
90 6 4218.75
90 8 5625
90 10 7031.25
90 12 8437.5
90 14 9843.75
90 16 11250
90 18 12656.2
90 20 14062.5
90 22 15468.8
90 24 16875
90 26 18281.3
90 28 19687.5
90 30 21093.7
90 32 22500
90 34 23906.2
90 36 25312.5
90 38 26718.7
90 40 28125
91 2 2854.72
91 4 2843.75
91 6 4265.62
91 8 5687.5
91 10 7109.38
91 12 8531.25
91 14 9953.12
91 16 11375
91 18 12796.9
91 20 14218.7
91 22 15640.6
91 24 17062.5
91 26 18484.4
91 28 19906.2
91 30 21328.1
91 32 22750
91 34 24171.9
91 36 25593.7
91 38 27015.6
91 40 28437.5
92 2 2885.85
92 4 2875
92 6 4312.5
92 8 5750
92 10 7187.5
92 12 8625
92 14 10062.5
92 16 11500
92 18 12937.5
92 20 14375
92 22 15812.5
92 24 17250
92 26 18687.5
92 28 20125
92 30 21562.5
92 32 23000
92 34 24437.5
92 36 25875
92 38 27312.5
92 40 28750
93 2 2916.98
93 4 2906.25
93 6 4359.38
93 8 5812.5
93 10 7265.63
93 12 8718.75
93 14 10171.9
93 16 11625
93 18 13078.1
93 20 14531.2
93 22 15984.4
93 24 17437.5
93 26 18890.6
93 28 20343.8
93 30 21796.9
93 32 23250
93 34 24703.1
93 36 26156.3
93 38 27609.4
93 40 29062.5
94 2 2948.12
94 4 2937.5
94 6 4406.25
94 8 5875
94 10 7343.75
94 12 8812.5
94 14 10281.2
94 16 11750
94 18 13218.8
94 20 14687.5
94 22 16156.2
94 24 17625
94 26 19093.8
94 28 20562.5
94 30 22031.2
94 32 23500
94 34 24968.7
94 36 26437.5
94 38 27906.3
94 40 29375
95 2 2979.26
95 4 2968.75
95 6 4453.12
95 8 5937.5
95 10 7421.88
95 12 8906.25
95 14 10390.6
95 16 11875
95 18 13359.4
95 20 14843.7
95 22 16328.1
95 24 17812.5
95 26 19296.9
95 28 20781.3
95 30 22265.6
95 32 23750
95 34 25234.4
95 36 26718.8
95 38 28203.1
95 40 29687.5
96 2 3010.4
96 4 3000
96 6 4500
96 8 6000
96 10 7500
96 12 9000
96 14 10500
96 16 12000
96 18 13500
96 20 15000
96 22 16500
96 24 18000
96 26 19500
96 28 21000
96 30 22500
96 32 24000
96 34 25500
96 36 27000
96 38 28500
96 40 30000
97 2 3041.54
97 4 3031.25
97 6 4546.88
97 8 6062.5
97 10 7578.13
97 12 9093.75
97 14 10609.4
97 16 12125
97 18 13640.6
97 20 15156.2
97 22 16671.9
97 24 18187.5
97 26 19703.1
97 28 21218.8
97 30 22734.4
97 32 24250
97 34 25765.6
97 36 27281.3
97 38 28796.9
97 40 30312.5
98 2 3072.69
98 4 3062.5
98 6 4593.75
98 8 6125
98 10 7656.25
98 12 9187.5
98 14 10718.8
98 16 12250
98 18 13781.2
98 20 15312.5
98 22 16843.8
98 24 18375
98 26 19906.2
98 28 21437.5
98 30 22968.8
98 32 24500
98 34 26031.2
98 36 27562.5
98 38 29093.7
98 40 30625
99 2 3103.83
99 4 3093.75
99 6 4640.63
99 8 6187.5
99 10 7734.38
99 12 9281.25
99 14 10828.1
99 16 12375
99 18 13921.9
99 20 15468.8
99 22 17015.6
99 24 18562.5
99 26 20109.4
99 28 21656.2
99 30 23203.1
99 32 24750
99 34 26296.9
99 36 27843.7
99 38 29390.6
99 40 30937.5
