1
2
1.60078

1
4
1.76887

1
6
2.70833

1
8
3.66692

2
2
3.20156

2
4
3.53774

2
6
5.41667

2
8
7.33384

3
2
4.80234

3
4
5.30661

3
6
8.125

3
8
11.0008

4
2
6.40312

4
4
7.07549

4
6
10.8333

4
8
14.6677

5
2
8.00391

5
4
8.84436

5
6
13.5417

5
8
18.3346

6
2
9.60469

6
4
10.6132

6
6
16.25

6
8
22.0015

7
2
11.2055

7
4
12.3821

7
6
18.9583

7
8
25.6684

8
2
12.8062

8
4
14.151

8
6
21.6667

8
8
29.3353

9
2
14.407

9
4
15.9198

9
6
24.375

9
8
33.0023

10
2
16.0078

10
4
17.6887

10
6
27.0833

10
8
36.6692

11
2
17.6086

11
4
19.4576

11
6
29.7917

11
8
40.3361

12
2
19.2094

12
4
21.2265

12
6
32.5

12
8
44.003

13
2
20.8102

13
4
22.9953

13
6
35.2083

13
8
47.6699

14
2
22.4109

14
4
24.7642

14
6
37.9167

14
8
51.3369

15
2
24.0117

15
4
26.5331

15
6
40.625

15
8
55.0038

16
2
25.6125

16
4
28.3019

16
6
43.3333

16
8
58.6707

17
2
27.2133

17
4
30.0708

17
6
46.0417

17
8
62.3376

18
2
28.8141

18
4
31.8397

18
6
48.75

18
8
66.0045

19
2
30.4148

19
4
33.6086

19
6
51.4583

19
8
69.6714

20
2
32.0156

20
4
35.3774

20
6
54.1667

20
8
73.3384

21
2
33.6164

21
4
37.1463

21
6
56.875

21
8
77.0053

22
2
35.2172

22
4
38.9152

22
6
59.5833

22
8
80.6722

23
2
36.818

23
4
40.684

23
6
62.2917

23
8
84.3391

24
2
38.4187

24
4
42.4529

24
6
65

24
8
88.006

25
2
40.0195

25
4
44.2218

25
6
67.7083

25
8
91.673

26
2
41.6203

26
4
45.9907

26
6
70.4167

26
8
95.3399

27
2
43.2211

27
4
47.7595

27
6
73.125

27
8
99.0068

28
2
44.8219

28
4
49.5284

28
6
75.8333

28
8
102.674

29
2
46.4227

29
4
51.2973

29
6
78.5417

29
8
106.341

0
8
0

